[     138ms] [INFO] %cDownload the React DevTools for a better development experience: https://react.dev/link/react-devtools font-weight:bold @ http://localhost:3000/_next/static/chunks/node_modules_next_dist_115brz8._.js:2431
[     151ms] [LOG] [HMR] connected @ http://localhost:3000/_next/static/chunks/node_modules_next_dist_115brz8._.js:2431
[   83416ms] [LOG] [Fast Refresh] rebuilding @ http://localhost:3000/_next/static/chunks/node_modules_next_dist_115brz8._.js:2431
[   83448ms] [LOG] [Fast Refresh] done in 81ms @ http://localhost:3000/_next/static/chunks/node_modules_next_dist_115brz8._.js:2431
[  149726ms] [LOG] [Fast Refresh] rebuilding @ http://localhost:3000/_next/static/chunks/node_modules_next_dist_115brz8._.js:2431
[  149757ms] [LOG] [Fast Refresh] done in 25ms @ http://localhost:3000/_next/static/chunks/node_modules_next_dist_115brz8._.js:2431
[  241432ms] [LOG] [Fast Refresh] rebuilding @ http://localhost:3000/_next/static/chunks/node_modules_next_dist_115brz8._.js:2431
[  241546ms] [LOG] [Fast Refresh] done in 91ms @ http://localhost:3000/_next/static/chunks/node_modules_next_dist_115brz8._.js:2431
[  241685ms] ReferenceError: RestaurantList is not defined
    at DashboardPage (about://React/Server/file:///Users/vicky/Documents/Github/alfredo/.next/dev/server/chunks/ssr/%5Broot-of-the-server%5D__0guspb2._.js?236:1540:303)
    at resolveErrorDev (http://localhost:3000/_next/static/chunks/node_modules_next_dist_compiled_react-server-dom-turbopack_0p3wegg._.js:1919:105)
    at processFullStringRow (http://localhost:3000/_next/static/chunks/node_modules_next_dist_compiled_react-server-dom-turbopack_0p3wegg._.js:2434:29)
    at processFullBinaryRow (http://localhost:3000/_next/static/chunks/node_modules_next_dist_compiled_react-server-dom-turbopack_0p3wegg._.js:2393:9)
    at processBinaryChunk (http://localhost:3000/_next/static/chunks/node_modules_next_dist_compiled_react-server-dom-turbopack_0p3wegg._.js:2502:221)
    at progress (http://localhost:3000/_next/static/chunks/node_modules_next_dist_compiled_react-server-dom-turbopack_0p3wegg._.js:2689:13)
[  244222ms] [LOG] [Fast Refresh] rebuilding @ http://localhost:3000/_next/static/chunks/node_modules_next_dist_115brz8._.js:2431
[  244468ms] [LOG] [Fast Refresh] done in 233ms @ http://localhost:3000/_next/static/chunks/node_modules_next_dist_115brz8._.js:2431
[  244663ms] [INFO] %cDownload the React DevTools for a better development experience: https://react.dev/link/react-devtools font-weight:bold @ http://localhost:3000/_next/static/chunks/node_modules_next_dist_115brz8._.js:2431
[  244670ms] [LOG] [HMR] connected @ http://localhost:3000/_next/static/chunks/node_modules_next_dist_115brz8._.js:2431
[  251607ms] [LOG] [Fast Refresh] rebuilding @ http://localhost:3000/_next/static/chunks/node_modules_next_dist_115brz8._.js:2431
[  251655ms] [LOG] [Fast Refresh] done in 21ms @ http://localhost:3000/_next/static/chunks/node_modules_next_dist_115brz8._.js:2431
[  345972ms] [LOG] [Fast Refresh] rebuilding @ http://localhost:3000/_next/static/chunks/node_modules_next_dist_115brz8._.js:2431
[  346008ms] [LOG] [Fast Refresh] done in 57ms @ http://localhost:3000/_next/static/chunks/node_modules_next_dist_115brz8._.js:2431
[  533635ms] [LOG] [Fast Refresh] rebuilding @ http://localhost:3000/_next/static/chunks/node_modules_next_dist_115brz8._.js:2431
[  533642ms] [LOG] [Fast Refresh] done in 109ms @ http://localhost:3000/_next/static/chunks/node_modules_next_dist_115brz8._.js:2431
[  534995ms] [LOG] [Fast Refresh] rebuilding @ http://localhost:3000/_next/static/chunks/node_modules_next_dist_115brz8._.js:2431
[  535049ms] [ERROR] ./src/components/dashboard/FilteredCandidatesArea.tsx:15:1
Module not found: Can't resolve '@/lib/filters/evaluate'
  13 | ...pe { FilterGroup } from "@/lib/filter...
  14 | ...createRootGroup } from "@/lib/filters...
> 15 | ...evaluateGroup } from "@/lib/filters/e...
     |    ^^^^^^^^^^^^^^^^^^^^^^^^^^^^^^^^^^^^^^^^
  16 | ...
  17 | ...ANT_FIELDS,
  18 | ...aurantFieldValue,

Import map: aliased to relative './src/lib/filters/evaluate' inside of [project]/

Import trace:
  Server Component:
    ./src/components/dashboard/FilteredCandidatesArea.tsx
    ./src/app/dashboard/page.tsx

https://nextjs.org/docs/messages/module-not-found @ http://localhost:3000/_next/static/chunks/node_modules_next_dist_115brz8._.js:3272
[  535161ms] [LOG] [Fast Refresh] rebuilding @ http://localhost:3000/_next/static/chunks/node_modules_next_dist_115brz8._.js:2431
[  535326ms] [ERROR] ./src/components/dashboard/FilteredCandidatesArea.tsx:15:1
Module not found: Can't resolve '@/lib/filters/evaluate'
  13 | ...pe { FilterGroup } from "@/lib/filter...
  14 | ...createRootGroup } from "@/lib/filters...
> 15 | ...evaluateGroup } from "@/lib/filters/e...
     |    ^^^^^^^^^^^^^^^^^^^^^^^^^^^^^^^^^^^^^^^^
  16 | ...
  17 | ...ANT_FIELDS,
  18 | ...aurantFieldValue,

Import map: aliased to relative './src/lib/filters/evaluate' inside of [project]/

Import trace:
  Server Component:
    ./src/components/dashboard/FilteredCandidatesArea.tsx
    ./src/app/dashboard/page.tsx

https://nextjs.org/docs/messages/module-not-found @ http://localhost:3000/_next/static/chunks/node_modules_next_dist_115brz8._.js:3272
[  535428ms] [LOG] [Fast Refresh] rebuilding @ http://localhost:3000/_next/static/chunks/node_modules_next_dist_115brz8._.js:2431
[  535524ms] [ERROR] ./src/components/dashboard/FilteredCandidatesArea.tsx:15:1
Module not found: Can't resolve '@/lib/filters/evaluate'
  13 | ...pe { FilterGroup } from "@/lib/filter...
  14 | ...createRootGroup } from "@/lib/filters...
> 15 | ...evaluateGroup } from "@/lib/filters/e...
     |    ^^^^^^^^^^^^^^^^^^^^^^^^^^^^^^^^^^^^^^^^
  16 | ...
  17 | ...ANT_FIELDS,
  18 | ...aurantFieldValue,

Import map: aliased to relative './src/lib/filters/evaluate' inside of [project]/

Import trace:
  Server Component:
    ./src/components/dashboard/FilteredCandidatesArea.tsx
    ./src/app/dashboard/page.tsx

https://nextjs.org/docs/messages/module-not-found @ http://localhost:3000/_next/static/chunks/node_modules_next_dist_115brz8._.js:3272
[  535524ms] [ERROR] Failed to load resource: the server responded with a status of 500 (Internal Server Error) @ http://localhost:3000/dashboard?_rsc=hhgnj:0
[  535545ms] [ERROR] Failed to load resource: the server responded with a status of 500 (Internal Server Error) @ http://localhost:3000/dashboard?_rsc=hhgnj:0
[  535608ms] [ERROR] Failed to load resource: the server responded with a status of 500 (Internal Server Error) @ http://localhost:3000/dashboard:0
[  535701ms] [INFO] %cDownload the React DevTools for a better development experience: https://react.dev/link/react-devtools font-weight:bold @ http://localhost:3000/_next/static/chunks/node_modules_react-dom_0bruynb._.js:15305
[  535732ms] Error: ./src/components/dashboard/FilteredCandidatesArea.tsx:15:1
Module not found: Can't resolve '@/lib/filters/evaluate'
  13 | ...pe { FilterGroup } from "@/lib/filter...
  14 | ...createRootGroup } from "@/lib/filters...
> 15 | ...evaluateGroup } from "@/lib/filters/e...
     |    ^^^^^^^^^^^^^^^^^^^^^^^^^^^^^^^^^^^^^^^^
  16 | ...
  17 | ...ANT_FIELDS,
  18 | ...aurantFieldValue,

Import map: aliased to relative './src/lib/filters/evaluate' inside of [project]/


Import trace:
  Server Component:
    ./src/components/dashboard/FilteredCandidatesArea.tsx
    ./src/app/dashboard/page.tsx

https://nextjs.org/docs/messages/module-not-found


    at <unknown> (Error: ./src/components/dashboard/FilteredCandidatesArea.tsx:15:1)
    at <unknown> (https://nextjs.org/docs/messages/module-not-found)
    at Object.getCompilationErrors (file:///Users/vicky/Documents/Github/alfredo/node_modules/next/dist/server/dev/hot-reloader-turbopack.js:1186:59)
    at DevBundlerService.getCompilationError (file:///Users/vicky/Documents/Github/alfredo/node_modules/next/dist/server/lib/dev-bundler-service.js:44:55)
    at DevServer.getCompilationError (file:///Users/vicky/Documents/Github/alfredo/node_modules/next/dist/server/dev/next-dev-server.js:719:42)
    at DevServer.findPageComponents (file:///Users/vicky/Documents/Github/alfredo/node_modules/next/dist/server/dev/next-dev-server.js:689:43)
    at async DevServer.renderErrorToResponseImpl (file:///Users/vicky/Documents/Github/alfredo/node_modules/next/dist/server/base-server.js:1745:26)
[  535731ms] [LOG] [HMR] connected @ http://localhost:3000/_next/static/chunks/node_modules_next_dist_0u_w_5s._.js:1226
[  535733ms] [ERROR] ./src/components/dashboard/FilteredCandidatesArea.tsx:15:1
Module not found: Can't resolve '@/lib/filters/evaluate'
  13 | ...pe { FilterGroup } from "@/lib/filter...
  14 | ...createRootGroup } from "@/lib/filters...
> 15 | ...evaluateGroup } from "@/lib/filters/e...
     |    ^^^^^^^^^^^^^^^^^^^^^^^^^^^^^^^^^^^^^^^^
  16 | ...
  17 | ...ANT_FIELDS,
  18 | ...aurantFieldValue,

Import map: aliased to relative './src/lib/filters/evaluate' inside of [project]/

Import trace:
  Server Component:
    ./src/components/dashboard/FilteredCandidatesArea.tsx
    ./src/app/dashboard/page.tsx

https://nextjs.org/docs/messages/module-not-found @ http://localhost:3000/_next/static/chunks/node_modules_next_dist_0u_w_5s._.js:1945
[  535807ms] [ERROR] ./src/components/dashboard/FilteredCandidatesArea.tsx:15:1
Module not found: Can't resolve '@/lib/filters/evaluate'
  13 | ...pe { FilterGroup } from "@/lib/filter...
  14 | ...createRootGroup } from "@/lib/filters...
> 15 | ...evaluateGroup } from "@/lib/filters/e...
     |    ^^^^^^^^^^^^^^^^^^^^^^^^^^^^^^^^^^^^^^^^
  16 | ...
  17 | ...ANT_FIELDS,
  18 | ...aurantFieldValue,

Import map: aliased to relative './src/lib/filters/evaluate' inside of [project]/

Import trace:
  Server Component:
    ./src/components/dashboard/FilteredCandidatesArea.tsx
    ./src/app/dashboard/page.tsx

https://nextjs.org/docs/messages/module-not-found @ http://localhost:3000/_next/static/chunks/node_modules_next_dist_0u_w_5s._.js:1945
[  535845ms] [LOG] [Fast Refresh] rebuilding @ http://localhost:3000/_next/static/chunks/node_modules_next_dist_0u_w_5s._.js:1226
[  560708ms] [ERROR] ./src/components/dashboard/FilteredCandidatesArea.tsx:15:1
Module not found: Can't resolve '@/lib/filters/evaluate'
  13 | ...pe { FilterGroup } from "@/lib/filter...
  14 | ...createRootGroup } from "@/lib/filters...
> 15 | ...evaluateGroup } from "@/lib/filters/e...
     |    ^^^^^^^^^^^^^^^^^^^^^^^^^^^^^^^^^^^^^^^^
  16 | ...
  17 | ...ANT_FIELDS,
  18 | ...aurantFieldValue,

Import map: aliased to relative './src/lib/filters/evaluate' inside of [project]/

Import trace:
  Server Component:
    ./src/components/dashboard/FilteredCandidatesArea.tsx
    ./src/app/dashboard/page.tsx

https://nextjs.org/docs/messages/module-not-found @ http://localhost:3000/_next/static/chunks/node_modules_next_dist_0u_w_5s._.js:1945
[  560764ms] [LOG] [Fast Refresh] rebuilding @ http://localhost:3000/_next/static/chunks/node_modules_next_dist_0u_w_5s._.js:1226
[  578232ms] [ERROR] ./src/components/dashboard/FilteredCandidatesArea.tsx:15:1
Module not found: Can't resolve '@/lib/filters/evaluate'
  13 | ...pe { FilterGroup } from "@/lib/filter...
  14 | ...createRootGroup } from "@/lib/filters...
> 15 | ...evaluateGroup } from "@/lib/filters/e...
     |    ^^^^^^^^^^^^^^^^^^^^^^^^^^^^^^^^^^^^^^^^
  16 | ...
  17 | ...ANT_FIELDS,
  18 | ...aurantFieldValue,

Import map: aliased to relative './src/lib/filters/evaluate' inside of [project]/

Import trace:
  Server Component:
    ./src/components/dashboard/FilteredCandidatesArea.tsx
    ./src/app/dashboard/page.tsx

https://nextjs.org/docs/messages/module-not-found @ http://localhost:3000/_next/static/chunks/node_modules_next_dist_0u_w_5s._.js:1945
[  578286ms] [LOG] [Fast Refresh] rebuilding @ http://localhost:3000/_next/static/chunks/node_modules_next_dist_0u_w_5s._.js:1226
[  588046ms] [ERROR] ./src/components/dashboard/FilteredCandidatesArea.tsx:15:1
Module not found: Can't resolve '@/lib/filters/evaluate'
  13 | ...pe { FilterGroup } from "@/lib/filter...
  14 | ...createRootGroup } from "@/lib/filters...
> 15 | ...evaluateGroup } from "@/lib/filters/e...
     |    ^^^^^^^^^^^^^^^^^^^^^^^^^^^^^^^^^^^^^^^^
  16 | ...
  17 | ...ANT_FIELDS,
  18 | ...aurantFieldValue,

Import map: aliased to relative './src/lib/filters/evaluate' inside of [project]/

Import trace:
  Server Component:
    ./src/components/dashboard/FilteredCandidatesArea.tsx
    ./src/app/dashboard/page.tsx

https://nextjs.org/docs/messages/module-not-found @ http://localhost:3000/_next/static/chunks/node_modules_next_dist_0u_w_5s._.js:1945
[  588103ms] [LOG] [Fast Refresh] rebuilding @ http://localhost:3000/_next/static/chunks/node_modules_next_dist_0u_w_5s._.js:1226
[  589154ms] [LOG] [Fast Refresh] rebuilding @ http://localhost:3000/_next/static/chunks/node_modules_next_dist_0u_w_5s._.js:1226
[  589230ms] [ERROR] Failed to load resource: the server responded with a status of 500 (Internal Server Error) @ http://localhost:3000/dashboard:0
[  589254ms] [INFO] %cDownload the React DevTools for a better development experience: https://react.dev/link/react-devtools font-weight:bold @ http://localhost:3000/_next/static/chunks/node_modules_react-dom_0bruynb._.js:15305
[  589275ms] Error: ./src/components/dashboard/FilteredCandidatesArea.tsx:15:1
Module not found: Can't resolve '@/lib/filters/evaluate'
  13 | ...pe { FilterGroup } from "@/lib/filter...
  14 | ...createRootGroup } from "@/lib/filters...
> 15 | ...evaluateGroup } from "@/lib/filters/e...
     |    ^^^^^^^^^^^^^^^^^^^^^^^^^^^^^^^^^^^^^^^^
  16 | ...
  17 | ...ANT_FIELDS,
  18 | ...aurantFieldValue,

Import map: aliased to relative './src/lib/filters/evaluate' inside of [project]/


Import trace:
  Server Component:
    ./src/components/dashboard/FilteredCandidatesArea.tsx
    ./src/app/dashboard/page.tsx

https://nextjs.org/docs/messages/module-not-found


    at <unknown> (Error: ./src/components/dashboard/FilteredCandidatesArea.tsx:15:1)
    at <unknown> (https://nextjs.org/docs/messages/module-not-found)
    at Object.getCompilationErrors (file:///Users/vicky/Documents/Github/alfredo/node_modules/next/dist/server/dev/hot-reloader-turbopack.js:1186:59)
    at DevBundlerService.getCompilationError (file:///Users/vicky/Documents/Github/alfredo/node_modules/next/dist/server/lib/dev-bundler-service.js:44:55)
    at DevServer.getCompilationError (file:///Users/vicky/Documents/Github/alfredo/node_modules/next/dist/server/dev/next-dev-server.js:719:42)
    at DevServer.findPageComponents (file:///Users/vicky/Documents/Github/alfredo/node_modules/next/dist/server/dev/next-dev-server.js:689:43)
    at async DevServer.renderErrorToResponseImpl (file:///Users/vicky/Documents/Github/alfredo/node_modules/next/dist/server/base-server.js:1745:26)
[  589261ms] [LOG] [HMR] connected @ http://localhost:3000/_next/static/chunks/node_modules_next_dist_0u_w_5s._.js:1226
[  589263ms] [ERROR] ./src/components/dashboard/FilteredCandidatesArea.tsx:15:1
Module not found: Can't resolve '@/lib/filters/evaluate'
  13 | ...pe { FilterGroup } from "@/lib/filter...
  14 | ...createRootGroup } from "@/lib/filters...
> 15 | ...evaluateGroup } from "@/lib/filters/e...
     |    ^^^^^^^^^^^^^^^^^^^^^^^^^^^^^^^^^^^^^^^^
  16 | ...
  17 | ...ANT_FIELDS,
  18 | ...aurantFieldValue,

Import map: aliased to relative './src/lib/filters/evaluate' inside of [project]/

Import trace:
  Server Component:
    ./src/components/dashboard/FilteredCandidatesArea.tsx
    ./src/app/dashboard/page.tsx

https://nextjs.org/docs/messages/module-not-found @ http://localhost:3000/_next/static/chunks/node_modules_next_dist_0u_w_5s._.js:1945
[  589263ms] [ERROR] ./src/components/dashboard/FilteredCandidatesArea.tsx:16:1
Module not found: Can't resolve '@/lib/filters/fields'
  14 | import { createRootGroup } from "@/lib/f...
  15 | import { evaluateGroup } from "@/lib/fil...
> 16 | import {
     | ^^^^^^^
> 17 |   RESTAURANT_FIELDS,
     | ^^^^^^^^^^^^^^^^^^^^
> 18 |   getRestaurantFieldValue,
     | ^^^^^^^^^^^^^^^^^^^^^^^^^^
> 19 | } from "@/lib/filters/fields";
     | ^^^^^^^^^^^^^^^^^^^^^^^^^^^^^^
  20 |
  21 | interface FilteredCandidatesAreaProps {
  22 |   restaurants: Restaurant[];

Import map: aliased to relative './src/lib/filters/fields' inside of [project]/

Import trace:
  Server Component:
    ./src/components/dashboard/FilteredCandidatesArea.tsx
    ./src/app/dashboard/page.tsx

https://nextjs.org/docs/messages/module-not-found @ http://localhost:3000/_next/static/chunks/node_modules_next_dist_0u_w_5s._.js:1945
[  589296ms] [ERROR] ./src/components/dashboard/FilteredCandidatesArea.tsx:15:1
Module not found: Can't resolve '@/lib/filters/evaluate'
  13 | ...pe { FilterGroup } from "@/lib/filter...
  14 | ...createRootGroup } from "@/lib/filters...
> 15 | ...evaluateGroup } from "@/lib/filters/e...
     |    ^^^^^^^^^^^^^^^^^^^^^^^^^^^^^^^^^^^^^^^^
  16 | ...
  17 | ...ANT_FIELDS,
  18 | ...aurantFieldValue,

Import map: aliased to relative './src/lib/filters/evaluate' inside of [project]/

Import trace:
  Server Component:
    ./src/components/dashboard/FilteredCandidatesArea.tsx
    ./src/app/dashboard/page.tsx

https://nextjs.org/docs/messages/module-not-found @ http://localhost:3000/_next/static/chunks/node_modules_next_dist_0u_w_5s._.js:1945
[  589296ms] [ERROR] ./src/components/dashboard/FilteredCandidatesArea.tsx:16:1
Module not found: Can't resolve '@/lib/filters/fields'
  14 | import { createRootGroup } from "@/lib/f...
  15 | import { evaluateGroup } from "@/lib/fil...
> 16 | import {
     | ^^^^^^^
> 17 |   RESTAURANT_FIELDS,
     | ^^^^^^^^^^^^^^^^^^^^
> 18 |   getRestaurantFieldValue,
     | ^^^^^^^^^^^^^^^^^^^^^^^^^^
> 19 | } from "@/lib/filters/fields";
     | ^^^^^^^^^^^^^^^^^^^^^^^^^^^^^^
  20 |
  21 | interface FilteredCandidatesAreaProps {
  22 |   restaurants: Restaurant[];

Import map: aliased to relative './src/lib/filters/fields' inside of [project]/

Import trace:
  Server Component:
    ./src/components/dashboard/FilteredCandidatesArea.tsx
    ./src/app/dashboard/page.tsx

https://nextjs.org/docs/messages/module-not-found @ http://localhost:3000/_next/static/chunks/node_modules_next_dist_0u_w_5s._.js:1945
[  589364ms] [ERROR] ./src/components/dashboard/FilteredCandidatesArea.tsx:15:1
Module not found: Can't resolve '@/lib/filters/evaluate'
  13 | ...pe { FilterGroup } from "@/lib/filter...
  14 | ...createRootGroup } from "@/lib/filters...
> 15 | ...evaluateGroup } from "@/lib/filters/e...
     |    ^^^^^^^^^^^^^^^^^^^^^^^^^^^^^^^^^^^^^^^^
  16 | ...
  17 | ...ANT_FIELDS,
  18 | ...aurantFieldValue,

Import map: aliased to relative './src/lib/filters/evaluate' inside of [project]/

Import trace:
  Server Component:
    ./src/components/dashboard/FilteredCandidatesArea.tsx
    ./src/app/dashboard/page.tsx

https://nextjs.org/docs/messages/module-not-found @ http://localhost:3000/_next/static/chunks/node_modules_next_dist_0u_w_5s._.js:1945
[  589364ms] [ERROR] ./src/components/dashboard/FilteredCandidatesArea.tsx:16:1
Module not found: Can't resolve '@/lib/filters/fields'
  14 | import { createRootGroup } from "@/lib/f...
  15 | import { evaluateGroup } from "@/lib/fil...
> 16 | import {
     | ^^^^^^^
> 17 |   RESTAURANT_FIELDS,
     | ^^^^^^^^^^^^^^^^^^^^
> 18 |   getRestaurantFieldValue,
     | ^^^^^^^^^^^^^^^^^^^^^^^^^^
> 19 | } from "@/lib/filters/fields";
     | ^^^^^^^^^^^^^^^^^^^^^^^^^^^^^^
  20 |
  21 | interface FilteredCandidatesAreaProps {
  22 |   restaurants: Restaurant[];

Import map: aliased to relative './src/lib/filters/fields' inside of [project]/

Import trace:
  Server Component:
    ./src/components/dashboard/FilteredCandidatesArea.tsx
    ./src/app/dashboard/page.tsx

https://nextjs.org/docs/messages/module-not-found @ http://localhost:3000/_next/static/chunks/node_modules_next_dist_0u_w_5s._.js:1945
[  589433ms] [LOG] [Fast Refresh] rebuilding @ http://localhost:3000/_next/static/chunks/node_modules_next_dist_0u_w_5s._.js:1226
[  601924ms] [LOG] [Fast Refresh] rebuilding @ http://localhost:3000/_next/static/chunks/node_modules_next_dist_0u_w_5s._.js:1226
[  602020ms] [ERROR] Failed to load resource: the server responded with a status of 500 (Internal Server Error) @ http://localhost:3000/dashboard:0
[  602037ms] [INFO] %cDownload the React DevTools for a better development experience: https://react.dev/link/react-devtools font-weight:bold @ http://localhost:3000/_next/static/chunks/node_modules_react-dom_0bruynb._.js:15305
[  602043ms] Error: ./src/components/dashboard/FilteredCandidatesArea.tsx:15:1
Module not found: Can't resolve '@/lib/filters/evaluate'
  13 | ...pe { FilterGroup } from "@/lib/filter...
  14 | ...createRootGroup } from "@/lib/filters...
> 15 | ...evaluateGroup } from "@/lib/filters/e...
     |    ^^^^^^^^^^^^^^^^^^^^^^^^^^^^^^^^^^^^^^^^
  16 | ...
  17 | ...ANT_FIELDS,
  18 | ...aurantFieldValue,

Import map: aliased to relative './src/lib/filters/evaluate' inside of [project]/


Import trace:
  Server Component:
    ./src/components/dashboard/FilteredCandidatesArea.tsx
    ./src/app/dashboard/page.tsx

https://nextjs.org/docs/messages/module-not-found


    at <unknown> (Error: ./src/components/dashboard/FilteredCandidatesArea.tsx:15:1)
    at <unknown> (https://nextjs.org/docs/messages/module-not-found)
    at Object.getCompilationErrors (file:///Users/vicky/Documents/Github/alfredo/node_modules/next/dist/server/dev/hot-reloader-turbopack.js:1186:59)
    at DevBundlerService.getCompilationError (file:///Users/vicky/Documents/Github/alfredo/node_modules/next/dist/server/lib/dev-bundler-service.js:44:55)
    at DevServer.getCompilationError (file:///Users/vicky/Documents/Github/alfredo/node_modules/next/dist/server/dev/next-dev-server.js:719:42)
    at DevServer.findPageComponents (file:///Users/vicky/Documents/Github/alfredo/node_modules/next/dist/server/dev/next-dev-server.js:689:43)
    at async DevServer.renderErrorToResponseImpl (file:///Users/vicky/Documents/Github/alfredo/node_modules/next/dist/server/base-server.js:1745:26)
[  602043ms] [LOG] [HMR] connected @ http://localhost:3000/_next/static/chunks/node_modules_next_dist_0u_w_5s._.js:1226
[  602044ms] [ERROR] ./src/components/dashboard/FilteredCandidatesArea.tsx:15:1
Module not found: Can't resolve '@/lib/filters/evaluate'
  13 | ...pe { FilterGroup } from "@/lib/filter...
  14 | ...createRootGroup } from "@/lib/filters...
> 15 | ...evaluateGroup } from "@/lib/filters/e...
     |    ^^^^^^^^^^^^^^^^^^^^^^^^^^^^^^^^^^^^^^^^
  16 | ...
  17 | ...ANT_FIELDS,
  18 | ...aurantFieldValue,

Import map: aliased to relative './src/lib/filters/evaluate' inside of [project]/

Import trace:
  Server Component:
    ./src/components/dashboard/FilteredCandidatesArea.tsx
    ./src/app/dashboard/page.tsx

https://nextjs.org/docs/messages/module-not-found @ http://localhost:3000/_next/static/chunks/node_modules_next_dist_0u_w_5s._.js:1945
[  602044ms] [ERROR] ./src/components/dashboard/FilteredCandidatesArea.tsx:16:1
Module not found: Can't resolve '@/lib/filters/fields'
  14 | import { createRootGroup } from "@/lib/f...
  15 | import { evaluateGroup } from "@/lib/fil...
> 16 | import {
     | ^^^^^^^
> 17 |   RESTAURANT_FIELDS,
     | ^^^^^^^^^^^^^^^^^^^^
> 18 |   getRestaurantFieldValue,
     | ^^^^^^^^^^^^^^^^^^^^^^^^^^
> 19 | } from "@/lib/filters/fields";
     | ^^^^^^^^^^^^^^^^^^^^^^^^^^^^^^
  20 |
  21 | interface FilteredCandidatesAreaProps {
  22 |   restaurants: Restaurant[];

Import map: aliased to relative './src/lib/filters/fields' inside of [project]/

Import trace:
  Server Component:
    ./src/components/dashboard/FilteredCandidatesArea.tsx
    ./src/app/dashboard/page.tsx

https://nextjs.org/docs/messages/module-not-found @ http://localhost:3000/_next/static/chunks/node_modules_next_dist_0u_w_5s._.js:1945
[  602076ms] [ERROR] ./src/components/dashboard/FilteredCandidatesArea.tsx:15:1
Module not found: Can't resolve '@/lib/filters/evaluate'
  13 | ...pe { FilterGroup } from "@/lib/filter...
  14 | ...createRootGroup } from "@/lib/filters...
> 15 | ...evaluateGroup } from "@/lib/filters/e...
     |    ^^^^^^^^^^^^^^^^^^^^^^^^^^^^^^^^^^^^^^^^
  16 | ...
  17 | ...ANT_FIELDS,
  18 | ...aurantFieldValue,

Import map: aliased to relative './src/lib/filters/evaluate' inside of [project]/

Import trace:
  Server Component:
    ./src/components/dashboard/FilteredCandidatesArea.tsx
    ./src/app/dashboard/page.tsx

https://nextjs.org/docs/messages/module-not-found @ http://localhost:3000/_next/static/chunks/node_modules_next_dist_0u_w_5s._.js:1945
[  602076ms] [ERROR] ./src/components/dashboard/FilteredCandidatesArea.tsx:16:1
Module not found: Can't resolve '@/lib/filters/fields'
  14 | import { createRootGroup } from "@/lib/f...
  15 | import { evaluateGroup } from "@/lib/fil...
> 16 | import {
     | ^^^^^^^
> 17 |   RESTAURANT_FIELDS,
     | ^^^^^^^^^^^^^^^^^^^^
> 18 |   getRestaurantFieldValue,
     | ^^^^^^^^^^^^^^^^^^^^^^^^^^
> 19 | } from "@/lib/filters/fields";
     | ^^^^^^^^^^^^^^^^^^^^^^^^^^^^^^
  20 |
  21 | interface FilteredCandidatesAreaProps {
  22 |   restaurants: Restaurant[];

Import map: aliased to relative './src/lib/filters/fields' inside of [project]/

Import trace:
  Server Component:
    ./src/components/dashboard/FilteredCandidatesArea.tsx
    ./src/app/dashboard/page.tsx

https://nextjs.org/docs/messages/module-not-found @ http://localhost:3000/_next/static/chunks/node_modules_next_dist_0u_w_5s._.js:1945
[  604646ms] [LOG] [Fast Refresh] rebuilding @ http://localhost:3000/_next/static/chunks/node_modules_next_dist_0u_w_5s._.js:1226
[  604707ms] [ERROR] Failed to load resource: the server responded with a status of 500 (Internal Server Error) @ http://localhost:3000/dashboard:0
[  604718ms] [INFO] %cDownload the React DevTools for a better development experience: https://react.dev/link/react-devtools font-weight:bold @ http://localhost:3000/_next/static/chunks/node_modules_react-dom_0bruynb._.js:15305
[  604757ms] Error: ./src/components/dashboard/FilteredCandidatesArea.tsx:15:1
Module not found: Can't resolve '@/lib/filters/evaluate'
  13 | ...pe { FilterGroup } from "@/lib/filter...
  14 | ...createRootGroup } from "@/lib/filters...
> 15 | ...evaluateGroup } from "@/lib/filters/e...
     |    ^^^^^^^^^^^^^^^^^^^^^^^^^^^^^^^^^^^^^^^^
  16 | ...
  17 | ...ANT_FIELDS,
  18 | ...aurantFieldValue,

Import map: aliased to relative './src/lib/filters/evaluate' inside of [project]/


Import trace:
  Server Component:
    ./src/components/dashboard/FilteredCandidatesArea.tsx
    ./src/app/dashboard/page.tsx

https://nextjs.org/docs/messages/module-not-found


    at <unknown> (Error: ./src/components/dashboard/FilteredCandidatesArea.tsx:15:1)
    at <unknown> (https://nextjs.org/docs/messages/module-not-found)
    at Object.getCompilationErrors (file:///Users/vicky/Documents/Github/alfredo/node_modules/next/dist/server/dev/hot-reloader-turbopack.js:1186:59)
    at DevBundlerService.getCompilationError (file:///Users/vicky/Documents/Github/alfredo/node_modules/next/dist/server/lib/dev-bundler-service.js:44:55)
    at DevServer.getCompilationError (file:///Users/vicky/Documents/Github/alfredo/node_modules/next/dist/server/dev/next-dev-server.js:719:42)
    at DevServer.findPageComponents (file:///Users/vicky/Documents/Github/alfredo/node_modules/next/dist/server/dev/next-dev-server.js:689:43)
    at async DevServer.renderErrorToResponseImpl (file:///Users/vicky/Documents/Github/alfredo/node_modules/next/dist/server/base-server.js:1745:26)
[  604726ms] [LOG] [HMR] connected @ http://localhost:3000/_next/static/chunks/node_modules_next_dist_0u_w_5s._.js:1226
[  604731ms] [ERROR] ./src/components/dashboard/FilteredCandidatesArea.tsx:15:1
Module not found: Can't resolve '@/lib/filters/evaluate'
  13 | ...pe { FilterGroup } from "@/lib/filter...
  14 | ...createRootGroup } from "@/lib/filters...
> 15 | ...evaluateGroup } from "@/lib/filters/e...
     |    ^^^^^^^^^^^^^^^^^^^^^^^^^^^^^^^^^^^^^^^^
  16 | ...
  17 | ...ANT_FIELDS,
  18 | ...aurantFieldValue,

Import map: aliased to relative './src/lib/filters/evaluate' inside of [project]/

Import trace:
  Server Component:
    ./src/components/dashboard/FilteredCandidatesArea.tsx
    ./src/app/dashboard/page.tsx

https://nextjs.org/docs/messages/module-not-found @ http://localhost:3000/_next/static/chunks/node_modules_next_dist_0u_w_5s._.js:1945
[  604731ms] [ERROR] ./src/components/dashboard/FilteredCandidatesArea.tsx:16:1
Module not found: Can't resolve '@/lib/filters/fields'
  14 | import { createRootGroup } from "@/lib/f...
  15 | import { evaluateGroup } from "@/lib/fil...
> 16 | import {
     | ^^^^^^^
> 17 |   RESTAURANT_FIELDS,
     | ^^^^^^^^^^^^^^^^^^^^
> 18 |   getRestaurantFieldValue,
     | ^^^^^^^^^^^^^^^^^^^^^^^^^^
> 19 | } from "@/lib/filters/fields";
     | ^^^^^^^^^^^^^^^^^^^^^^^^^^^^^^
  20 |
  21 | interface FilteredCandidatesAreaProps {
  22 |   restaurants: Restaurant[];

Import map: aliased to relative './src/lib/filters/fields' inside of [project]/

Import trace:
  Server Component:
    ./src/components/dashboard/FilteredCandidatesArea.tsx
    ./src/app/dashboard/page.tsx

https://nextjs.org/docs/messages/module-not-found @ http://localhost:3000/_next/static/chunks/node_modules_next_dist_0u_w_5s._.js:1945
[  604785ms] [ERROR] ./src/components/dashboard/FilteredCandidatesArea.tsx:15:1
Module not found: Can't resolve '@/lib/filters/evaluate'
  13 | ...pe { FilterGroup } from "@/lib/filter...
  14 | ...createRootGroup } from "@/lib/filters...
> 15 | ...evaluateGroup } from "@/lib/filters/e...
     |    ^^^^^^^^^^^^^^^^^^^^^^^^^^^^^^^^^^^^^^^^
  16 | ...
  17 | ...ANT_FIELDS,
  18 | ...aurantFieldValue,

Import map: aliased to relative './src/lib/filters/evaluate' inside of [project]/

Import trace:
  Server Component:
    ./src/components/dashboard/FilteredCandidatesArea.tsx
    ./src/app/dashboard/page.tsx

https://nextjs.org/docs/messages/module-not-found @ http://localhost:3000/_next/static/chunks/node_modules_next_dist_0u_w_5s._.js:1945
[  604785ms] [ERROR] ./src/components/dashboard/FilteredCandidatesArea.tsx:16:1
Module not found: Can't resolve '@/lib/filters/fields'
  14 | import { createRootGroup } from "@/lib/f...
  15 | import { evaluateGroup } from "@/lib/fil...
> 16 | import {
     | ^^^^^^^
> 17 |   RESTAURANT_FIELDS,
     | ^^^^^^^^^^^^^^^^^^^^
> 18 |   getRestaurantFieldValue,
     | ^^^^^^^^^^^^^^^^^^^^^^^^^^
> 19 | } from "@/lib/filters/fields";
     | ^^^^^^^^^^^^^^^^^^^^^^^^^^^^^^
  20 |
  21 | interface FilteredCandidatesAreaProps {
  22 |   restaurants: Restaurant[];

Import map: aliased to relative './src/lib/filters/fields' inside of [project]/

Import trace:
  Server Component:
    ./src/components/dashboard/FilteredCandidatesArea.tsx
    ./src/app/dashboard/page.tsx

https://nextjs.org/docs/messages/module-not-found @ http://localhost:3000/_next/static/chunks/node_modules_next_dist_0u_w_5s._.js:1945
[  604838ms] [LOG] [Fast Refresh] rebuilding @ http://localhost:3000/_next/static/chunks/node_modules_next_dist_0u_w_5s._.js:1226
[  606231ms] [LOG] [Fast Refresh] rebuilding @ http://localhost:3000/_next/static/chunks/node_modules_next_dist_0u_w_5s._.js:1226
[  606347ms] [ERROR] Failed to load resource: the server responded with a status of 500 (Internal Server Error) @ http://localhost:3000/dashboard:0
[  606360ms] [INFO] %cDownload the React DevTools for a better development experience: https://react.dev/link/react-devtools font-weight:bold @ http://localhost:3000/_next/static/chunks/node_modules_react-dom_0bruynb._.js:15305
[  606370ms] Error: ./src/components/dashboard/FilteredCandidatesArea.tsx:15:1
Module not found: Can't resolve '@/lib/filters/evaluate'
  13 | ...pe { FilterGroup } from "@/lib/filter...
  14 | ...createRootGroup } from "@/lib/filters...
> 15 | ...evaluateGroup } from "@/lib/filters/e...
     |    ^^^^^^^^^^^^^^^^^^^^^^^^^^^^^^^^^^^^^^^^
  16 | ...
  17 | ...ANT_FIELDS,
  18 | ...aurantFieldValue,

Import map: aliased to relative './src/lib/filters/evaluate' inside of [project]/


Import trace:
  Server Component:
    ./src/components/dashboard/FilteredCandidatesArea.tsx
    ./src/app/dashboard/page.tsx

https://nextjs.org/docs/messages/module-not-found


    at <unknown> (Error: ./src/components/dashboard/FilteredCandidatesArea.tsx:15:1)
    at <unknown> (https://nextjs.org/docs/messages/module-not-found)
    at Object.getCompilationErrors (file:///Users/vicky/Documents/Github/alfredo/node_modules/next/dist/server/dev/hot-reloader-turbopack.js:1186:59)
    at DevBundlerService.getCompilationError (file:///Users/vicky/Documents/Github/alfredo/node_modules/next/dist/server/lib/dev-bundler-service.js:44:55)
    at DevServer.getCompilationError (file:///Users/vicky/Documents/Github/alfredo/node_modules/next/dist/server/dev/next-dev-server.js:719:42)
    at DevServer.findPageComponents (file:///Users/vicky/Documents/Github/alfredo/node_modules/next/dist/server/dev/next-dev-server.js:689:43)
    at async DevServer.renderErrorToResponseImpl (file:///Users/vicky/Documents/Github/alfredo/node_modules/next/dist/server/base-server.js:1745:26)
[  606368ms] [LOG] [HMR] connected @ http://localhost:3000/_next/static/chunks/node_modules_next_dist_0u_w_5s._.js:1226
[  606371ms] [ERROR] ./src/components/dashboard/FilteredCandidatesArea.tsx:15:1
Module not found: Can't resolve '@/lib/filters/evaluate'
  13 | ...pe { FilterGroup } from "@/lib/filter...
  14 | ...createRootGroup } from "@/lib/filters...
> 15 | ...evaluateGroup } from "@/lib/filters/e...
     |    ^^^^^^^^^^^^^^^^^^^^^^^^^^^^^^^^^^^^^^^^
  16 | ...
  17 | ...ANT_FIELDS,
  18 | ...aurantFieldValue,

Import map: aliased to relative './src/lib/filters/evaluate' inside of [project]/

Import trace:
  Server Component:
    ./src/components/dashboard/FilteredCandidatesArea.tsx
    ./src/app/dashboard/page.tsx

https://nextjs.org/docs/messages/module-not-found @ http://localhost:3000/_next/static/chunks/node_modules_next_dist_0u_w_5s._.js:1945
[  606371ms] [ERROR] ./src/components/dashboard/FilteredCandidatesArea.tsx:16:1
Module not found: Can't resolve '@/lib/filters/fields'
  14 | import { createRootGroup } from "@/lib/f...
  15 | import { evaluateGroup } from "@/lib/fil...
> 16 | import {
     | ^^^^^^^
> 17 |   RESTAURANT_FIELDS,
     | ^^^^^^^^^^^^^^^^^^^^
> 18 |   getRestaurantFieldValue,
     | ^^^^^^^^^^^^^^^^^^^^^^^^^^
> 19 | } from "@/lib/filters/fields";
     | ^^^^^^^^^^^^^^^^^^^^^^^^^^^^^^
  20 |
  21 | interface FilteredCandidatesAreaProps {
  22 |   restaurants: Restaurant[];

Import map: aliased to relative './src/lib/filters/fields' inside of [project]/

Import trace:
  Server Component:
    ./src/components/dashboard/FilteredCandidatesArea.tsx
    ./src/app/dashboard/page.tsx

https://nextjs.org/docs/messages/module-not-found @ http://localhost:3000/_next/static/chunks/node_modules_next_dist_0u_w_5s._.js:1945
[  606402ms] [ERROR] ./src/components/dashboard/FilteredCandidatesArea.tsx:15:1
Module not found: Can't resolve '@/lib/filters/evaluate'
  13 | ...pe { FilterGroup } from "@/lib/filter...
  14 | ...createRootGroup } from "@/lib/filters...
> 15 | ...evaluateGroup } from "@/lib/filters/e...
     |    ^^^^^^^^^^^^^^^^^^^^^^^^^^^^^^^^^^^^^^^^
  16 | ...
  17 | ...ANT_FIELDS,
  18 | ...aurantFieldValue,

Import map: aliased to relative './src/lib/filters/evaluate' inside of [project]/

Import trace:
  Server Component:
    ./src/components/dashboard/FilteredCandidatesArea.tsx
    ./src/app/dashboard/page.tsx

https://nextjs.org/docs/messages/module-not-found @ http://localhost:3000/_next/static/chunks/node_modules_next_dist_0u_w_5s._.js:1945
[  606402ms] [ERROR] ./src/components/dashboard/FilteredCandidatesArea.tsx:16:1
Module not found: Can't resolve '@/lib/filters/fields'
  14 | import { createRootGroup } from "@/lib/f...
  15 | import { evaluateGroup } from "@/lib/fil...
> 16 | import {
     | ^^^^^^^
> 17 |   RESTAURANT_FIELDS,
     | ^^^^^^^^^^^^^^^^^^^^
> 18 |   getRestaurantFieldValue,
     | ^^^^^^^^^^^^^^^^^^^^^^^^^^
> 19 | } from "@/lib/filters/fields";
     | ^^^^^^^^^^^^^^^^^^^^^^^^^^^^^^
  20 |
  21 | interface FilteredCandidatesAreaProps {
  22 |   restaurants: Restaurant[];

Import map: aliased to relative './src/lib/filters/fields' inside of [project]/

Import trace:
  Server Component:
    ./src/components/dashboard/FilteredCandidatesArea.tsx
    ./src/app/dashboard/page.tsx

https://nextjs.org/docs/messages/module-not-found @ http://localhost:3000/_next/static/chunks/node_modules_next_dist_0u_w_5s._.js:1945
[  606470ms] [LOG] [Fast Refresh] rebuilding @ http://localhost:3000/_next/static/chunks/node_modules_next_dist_0u_w_5s._.js:1226
[  608488ms] [LOG] [Fast Refresh] rebuilding @ http://localhost:3000/_next/static/chunks/node_modules_next_dist_0u_w_5s._.js:1226
[  608552ms] [ERROR] Failed to load resource: the server responded with a status of 500 (Internal Server Error) @ http://localhost:3000/dashboard:0
[  608565ms] [INFO] %cDownload the React DevTools for a better development experience: https://react.dev/link/react-devtools font-weight:bold @ http://localhost:3000/_next/static/chunks/node_modules_react-dom_0bruynb._.js:15305
[  608594ms] Error: ./src/components/dashboard/FilteredCandidatesArea.tsx:15:1
Module not found: Can't resolve '@/lib/filters/evaluate'
  13 | ...pe { FilterGroup } from "@/lib/filter...
  14 | ...createRootGroup } from "@/lib/filters...
> 15 | ...evaluateGroup } from "@/lib/filters/e...
     |    ^^^^^^^^^^^^^^^^^^^^^^^^^^^^^^^^^^^^^^^^
  16 | ...
  17 | ...ANT_FIELDS,
  18 | ...aurantFieldValue,

Import map: aliased to relative './src/lib/filters/evaluate' inside of [project]/


Import trace:
  Server Component:
    ./src/components/dashboard/FilteredCandidatesArea.tsx
    ./src/app/dashboard/page.tsx

https://nextjs.org/docs/messages/module-not-found


    at <unknown> (Error: ./src/components/dashboard/FilteredCandidatesArea.tsx:15:1)
    at <unknown> (https://nextjs.org/docs/messages/module-not-found)
    at Object.getCompilationErrors (file:///Users/vicky/Documents/Github/alfredo/node_modules/next/dist/server/dev/hot-reloader-turbopack.js:1186:59)
    at DevBundlerService.getCompilationError (file:///Users/vicky/Documents/Github/alfredo/node_modules/next/dist/server/lib/dev-bundler-service.js:44:55)
    at DevServer.getCompilationError (file:///Users/vicky/Documents/Github/alfredo/node_modules/next/dist/server/dev/next-dev-server.js:719:42)
    at DevServer.findPageComponents (file:///Users/vicky/Documents/Github/alfredo/node_modules/next/dist/server/dev/next-dev-server.js:689:43)
    at async DevServer.renderErrorToResponseImpl (file:///Users/vicky/Documents/Github/alfredo/node_modules/next/dist/server/base-server.js:1745:26)
[  608573ms] [LOG] [HMR] connected @ http://localhost:3000/_next/static/chunks/node_modules_next_dist_0u_w_5s._.js:1226
[  608576ms] [ERROR] ./src/components/dashboard/FilteredCandidatesArea.tsx:15:1
Module not found: Can't resolve '@/lib/filters/evaluate'
  13 | ...pe { FilterGroup } from "@/lib/filter...
  14 | ...createRootGroup } from "@/lib/filters...
> 15 | ...evaluateGroup } from "@/lib/filters/e...
     |    ^^^^^^^^^^^^^^^^^^^^^^^^^^^^^^^^^^^^^^^^
  16 | ...
  17 | ...ANT_FIELDS,
  18 | ...aurantFieldValue,

Import map: aliased to relative './src/lib/filters/evaluate' inside of [project]/

Import trace:
  Server Component:
    ./src/components/dashboard/FilteredCandidatesArea.tsx
    ./src/app/dashboard/page.tsx

https://nextjs.org/docs/messages/module-not-found @ http://localhost:3000/_next/static/chunks/node_modules_next_dist_0u_w_5s._.js:1945
[  608576ms] [ERROR] ./src/components/dashboard/FilteredCandidatesArea.tsx:16:1
Module not found: Can't resolve '@/lib/filters/fields'
  14 | import { createRootGroup } from "@/lib/f...
  15 | import { evaluateGroup } from "@/lib/fil...
> 16 | import {
     | ^^^^^^^
> 17 |   RESTAURANT_FIELDS,
     | ^^^^^^^^^^^^^^^^^^^^
> 18 |   getRestaurantFieldValue,
     | ^^^^^^^^^^^^^^^^^^^^^^^^^^
> 19 | } from "@/lib/filters/fields";
     | ^^^^^^^^^^^^^^^^^^^^^^^^^^^^^^
  20 |
  21 | interface FilteredCandidatesAreaProps {
  22 |   restaurants: Restaurant[];

Import map: aliased to relative './src/lib/filters/fields' inside of [project]/

Import trace:
  Server Component:
    ./src/components/dashboard/FilteredCandidatesArea.tsx
    ./src/app/dashboard/page.tsx

https://nextjs.org/docs/messages/module-not-found @ http://localhost:3000/_next/static/chunks/node_modules_next_dist_0u_w_5s._.js:1945
[  608583ms] [ERROR] ./src/components/dashboard/FilteredCandidatesArea.tsx:15:1
Module not found: Can't resolve '@/lib/filters/evaluate'
  13 | ...pe { FilterGroup } from "@/lib/filter...
  14 | ...createRootGroup } from "@/lib/filters...
> 15 | ...evaluateGroup } from "@/lib/filters/e...
     |    ^^^^^^^^^^^^^^^^^^^^^^^^^^^^^^^^^^^^^^^^
  16 | ...
  17 | ...ANT_FIELDS,
  18 | ...aurantFieldValue,

Import map: aliased to relative './src/lib/filters/evaluate' inside of [project]/

Import trace:
  Server Component:
    ./src/components/dashboard/FilteredCandidatesArea.tsx
    ./src/app/dashboard/page.tsx

https://nextjs.org/docs/messages/module-not-found @ http://localhost:3000/_next/static/chunks/node_modules_next_dist_0u_w_5s._.js:1945
[  608583ms] [ERROR] ./src/components/dashboard/FilteredCandidatesArea.tsx:16:1
Module not found: Can't resolve '@/lib/filters/fields'
  14 | import { createRootGroup } from "@/lib/f...
  15 | import { evaluateGroup } from "@/lib/fil...
> 16 | import {
     | ^^^^^^^
> 17 |   RESTAURANT_FIELDS,
     | ^^^^^^^^^^^^^^^^^^^^
> 18 |   getRestaurantFieldValue,
     | ^^^^^^^^^^^^^^^^^^^^^^^^^^
> 19 | } from "@/lib/filters/fields";
     | ^^^^^^^^^^^^^^^^^^^^^^^^^^^^^^
  20 |
  21 | interface FilteredCandidatesAreaProps {
  22 |   restaurants: Restaurant[];

Import map: aliased to relative './src/lib/filters/fields' inside of [project]/

Import trace:
  Server Component:
    ./src/components/dashboard/FilteredCandidatesArea.tsx
    ./src/app/dashboard/page.tsx

https://nextjs.org/docs/messages/module-not-found @ http://localhost:3000/_next/static/chunks/node_modules_next_dist_0u_w_5s._.js:1945
[  608630ms] [ERROR] ./src/components/dashboard/FilteredCandidatesArea.tsx:15:1
Module not found: Can't resolve '@/lib/filters/evaluate'
  13 | ...pe { FilterGroup } from "@/lib/filter...
  14 | ...createRootGroup } from "@/lib/filters...
> 15 | ...evaluateGroup } from "@/lib/filters/e...
     |    ^^^^^^^^^^^^^^^^^^^^^^^^^^^^^^^^^^^^^^^^
  16 | ...
  17 | ...ANT_FIELDS,
  18 | ...aurantFieldValue,

Import map: aliased to relative './src/lib/filters/evaluate' inside of [project]/

Import trace:
  Server Component:
    ./src/components/dashboard/FilteredCandidatesArea.tsx
    ./src/app/dashboard/page.tsx

https://nextjs.org/docs/messages/module-not-found @ http://localhost:3000/_next/static/chunks/node_modules_next_dist_0u_w_5s._.js:1945
[  608630ms] [ERROR] ./src/components/dashboard/FilteredCandidatesArea.tsx:16:1
Module not found: Can't resolve '@/lib/filters/fields'
  14 | import { createRootGroup } from "@/lib/f...
  15 | import { evaluateGroup } from "@/lib/fil...
> 16 | import {
     | ^^^^^^^
> 17 |   RESTAURANT_FIELDS,
     | ^^^^^^^^^^^^^^^^^^^^
> 18 |   getRestaurantFieldValue,
     | ^^^^^^^^^^^^^^^^^^^^^^^^^^
> 19 | } from "@/lib/filters/fields";
     | ^^^^^^^^^^^^^^^^^^^^^^^^^^^^^^
  20 |
  21 | interface FilteredCandidatesAreaProps {
  22 |   restaurants: Restaurant[];

Import map: aliased to relative './src/lib/filters/fields' inside of [project]/

Import trace:
  Server Component:
    ./src/components/dashboard/FilteredCandidatesArea.tsx
    ./src/app/dashboard/page.tsx

https://nextjs.org/docs/messages/module-not-found @ http://localhost:3000/_next/static/chunks/node_modules_next_dist_0u_w_5s._.js:1945
[  608685ms] [LOG] [Fast Refresh] rebuilding @ http://localhost:3000/_next/static/chunks/node_modules_next_dist_0u_w_5s._.js:1226
[  610004ms] [LOG] [Fast Refresh] rebuilding @ http://localhost:3000/_next/static/chunks/node_modules_next_dist_0u_w_5s._.js:1226
[  610091ms] [ERROR] Failed to load resource: the server responded with a status of 500 (Internal Server Error) @ http://localhost:3000/dashboard:0
[  610102ms] [INFO] %cDownload the React DevTools for a better development experience: https://react.dev/link/react-devtools font-weight:bold @ http://localhost:3000/_next/static/chunks/node_modules_react-dom_0bruynb._.js:15305
[  610110ms] Error: ./src/components/dashboard/FilteredCandidatesArea.tsx:15:1
Module not found: Can't resolve '@/lib/filters/evaluate'
  13 | ...pe { FilterGroup } from "@/lib/filter...
  14 | ...createRootGroup } from "@/lib/filters...
> 15 | ...evaluateGroup } from "@/lib/filters/e...
     |    ^^^^^^^^^^^^^^^^^^^^^^^^^^^^^^^^^^^^^^^^
  16 | ...
  17 | ...ANT_FIELDS,
  18 | ...aurantFieldValue,

Import map: aliased to relative './src/lib/filters/evaluate' inside of [project]/


Import trace:
  Server Component:
    ./src/components/dashboard/FilteredCandidatesArea.tsx
    ./src/app/dashboard/page.tsx

https://nextjs.org/docs/messages/module-not-found


    at <unknown> (Error: ./src/components/dashboard/FilteredCandidatesArea.tsx:15:1)
    at <unknown> (https://nextjs.org/docs/messages/module-not-found)
    at Object.getCompilationErrors (file:///Users/vicky/Documents/Github/alfredo/node_modules/next/dist/server/dev/hot-reloader-turbopack.js:1186:59)
    at DevBundlerService.getCompilationError (file:///Users/vicky/Documents/Github/alfredo/node_modules/next/dist/server/lib/dev-bundler-service.js:44:55)
    at DevServer.getCompilationError (file:///Users/vicky/Documents/Github/alfredo/node_modules/next/dist/server/dev/next-dev-server.js:719:42)
    at DevServer.findPageComponents (file:///Users/vicky/Documents/Github/alfredo/node_modules/next/dist/server/dev/next-dev-server.js:689:43)
    at async DevServer.renderErrorToResponseImpl (file:///Users/vicky/Documents/Github/alfredo/node_modules/next/dist/server/base-server.js:1745:26)
[  610111ms] [LOG] [HMR] connected @ http://localhost:3000/_next/static/chunks/node_modules_next_dist_0u_w_5s._.js:1226
[  610113ms] [ERROR] ./src/components/dashboard/FilteredCandidatesArea.tsx:15:1
Module not found: Can't resolve '@/lib/filters/evaluate'
  13 | ...pe { FilterGroup } from "@/lib/filter...
  14 | ...createRootGroup } from "@/lib/filters...
> 15 | ...evaluateGroup } from "@/lib/filters/e...
     |    ^^^^^^^^^^^^^^^^^^^^^^^^^^^^^^^^^^^^^^^^
  16 | ...
  17 | ...ANT_FIELDS,
  18 | ...aurantFieldValue,

Import map: aliased to relative './src/lib/filters/evaluate' inside of [project]/

Import trace:
  Server Component:
    ./src/components/dashboard/FilteredCandidatesArea.tsx
    ./src/app/dashboard/page.tsx

https://nextjs.org/docs/messages/module-not-found @ http://localhost:3000/_next/static/chunks/node_modules_next_dist_0u_w_5s._.js:1945
[  610114ms] [ERROR] ./src/components/dashboard/FilteredCandidatesArea.tsx:16:1
Module not found: Can't resolve '@/lib/filters/fields'
  14 | import { createRootGroup } from "@/lib/f...
  15 | import { evaluateGroup } from "@/lib/fil...
> 16 | import {
     | ^^^^^^^
> 17 |   RESTAURANT_FIELDS,
     | ^^^^^^^^^^^^^^^^^^^^
> 18 |   getRestaurantFieldValue,
     | ^^^^^^^^^^^^^^^^^^^^^^^^^^
> 19 | } from "@/lib/filters/fields";
     | ^^^^^^^^^^^^^^^^^^^^^^^^^^^^^^
  20 |
  21 | interface FilteredCandidatesAreaProps {
  22 |   restaurants: Restaurant[];

Import map: aliased to relative './src/lib/filters/fields' inside of [project]/

Import trace:
  Server Component:
    ./src/components/dashboard/FilteredCandidatesArea.tsx
    ./src/app/dashboard/page.tsx

https://nextjs.org/docs/messages/module-not-found @ http://localhost:3000/_next/static/chunks/node_modules_next_dist_0u_w_5s._.js:1945
[  610149ms] [ERROR] ./src/components/dashboard/FilteredCandidatesArea.tsx:15:1
Module not found: Can't resolve '@/lib/filters/evaluate'
  13 | ...pe { FilterGroup } from "@/lib/filter...
  14 | ...createRootGroup } from "@/lib/filters...
> 15 | ...evaluateGroup } from "@/lib/filters/e...
     |    ^^^^^^^^^^^^^^^^^^^^^^^^^^^^^^^^^^^^^^^^
  16 | ...
  17 | ...ANT_FIELDS,
  18 | ...aurantFieldValue,

Import map: aliased to relative './src/lib/filters/evaluate' inside of [project]/

Import trace:
  Server Component:
    ./src/components/dashboard/FilteredCandidatesArea.tsx
    ./src/app/dashboard/page.tsx

https://nextjs.org/docs/messages/module-not-found @ http://localhost:3000/_next/static/chunks/node_modules_next_dist_0u_w_5s._.js:1945
[  610149ms] [ERROR] ./src/components/dashboard/FilteredCandidatesArea.tsx:16:1
Module not found: Can't resolve '@/lib/filters/fields'
  14 | import { createRootGroup } from "@/lib/f...
  15 | import { evaluateGroup } from "@/lib/fil...
> 16 | import {
     | ^^^^^^^
> 17 |   RESTAURANT_FIELDS,
     | ^^^^^^^^^^^^^^^^^^^^
> 18 |   getRestaurantFieldValue,
     | ^^^^^^^^^^^^^^^^^^^^^^^^^^
> 19 | } from "@/lib/filters/fields";
     | ^^^^^^^^^^^^^^^^^^^^^^^^^^^^^^
  20 |
  21 | interface FilteredCandidatesAreaProps {
  22 |   restaurants: Restaurant[];

Import map: aliased to relative './src/lib/filters/fields' inside of [project]/

Import trace:
  Server Component:
    ./src/components/dashboard/FilteredCandidatesArea.tsx
    ./src/app/dashboard/page.tsx

https://nextjs.org/docs/messages/module-not-found @ http://localhost:3000/_next/static/chunks/node_modules_next_dist_0u_w_5s._.js:1945
[  611218ms] [LOG] [Fast Refresh] rebuilding @ http://localhost:3000/_next/static/chunks/node_modules_next_dist_0u_w_5s._.js:1226
[  611315ms] [ERROR] Failed to load resource: the server responded with a status of 500 (Internal Server Error) @ http://localhost:3000/dashboard:0
[  611326ms] [INFO] %cDownload the React DevTools for a better development experience: https://react.dev/link/react-devtools font-weight:bold @ http://localhost:3000/_next/static/chunks/node_modules_react-dom_0bruynb._.js:15305
[  611363ms] Error: ./src/components/dashboard/FilteredCandidatesArea.tsx:15:1
Module not found: Can't resolve '@/lib/filters/evaluate'
  13 | ...pe { FilterGroup } from "@/lib/filter...
  14 | ...createRootGroup } from "@/lib/filters...
> 15 | ...evaluateGroup } from "@/lib/filters/e...
     |    ^^^^^^^^^^^^^^^^^^^^^^^^^^^^^^^^^^^^^^^^
  16 | ...
  17 | ...ANT_FIELDS,
  18 | ...aurantFieldValue,

Import map: aliased to relative './src/lib/filters/evaluate' inside of [project]/


Import trace:
  Server Component:
    ./src/components/dashboard/FilteredCandidatesArea.tsx
    ./src/app/dashboard/page.tsx

https://nextjs.org/docs/messages/module-not-found


    at <unknown> (Error: ./src/components/dashboard/FilteredCandidatesArea.tsx:15:1)
    at <unknown> (https://nextjs.org/docs/messages/module-not-found)
    at Object.getCompilationErrors (file:///Users/vicky/Documents/Github/alfredo/node_modules/next/dist/server/dev/hot-reloader-turbopack.js:1186:59)
    at DevBundlerService.getCompilationError (file:///Users/vicky/Documents/Github/alfredo/node_modules/next/dist/server/lib/dev-bundler-service.js:44:55)
    at DevServer.getCompilationError (file:///Users/vicky/Documents/Github/alfredo/node_modules/next/dist/server/dev/next-dev-server.js:719:42)
    at DevServer.findPageComponents (file:///Users/vicky/Documents/Github/alfredo/node_modules/next/dist/server/dev/next-dev-server.js:689:43)
    at async DevServer.renderErrorToResponseImpl (file:///Users/vicky/Documents/Github/alfredo/node_modules/next/dist/server/base-server.js:1745:26)
[  611331ms] [LOG] [HMR] connected @ http://localhost:3000/_next/static/chunks/node_modules_next_dist_0u_w_5s._.js:1226
[  611336ms] [ERROR] ./src/components/dashboard/FilteredCandidatesArea.tsx:15:1
Module not found: Can't resolve '@/lib/filters/evaluate'
  13 | ...pe { FilterGroup } from "@/lib/filter...
  14 | ...createRootGroup } from "@/lib/filters...
> 15 | ...evaluateGroup } from "@/lib/filters/e...
     |    ^^^^^^^^^^^^^^^^^^^^^^^^^^^^^^^^^^^^^^^^
  16 | ...
  17 | ...ANT_FIELDS,
  18 | ...aurantFieldValue,

Import map: aliased to relative './src/lib/filters/evaluate' inside of [project]/

Import trace:
  Server Component:
    ./src/components/dashboard/FilteredCandidatesArea.tsx
    ./src/app/dashboard/page.tsx

https://nextjs.org/docs/messages/module-not-found @ http://localhost:3000/_next/static/chunks/node_modules_next_dist_0u_w_5s._.js:1945
[  611337ms] [ERROR] ./src/components/dashboard/FilteredCandidatesArea.tsx:16:1
Module not found: Can't resolve '@/lib/filters/fields'
  14 | import { createRootGroup } from "@/lib/f...
  15 | import { evaluateGroup } from "@/lib/fil...
> 16 | import {
     | ^^^^^^^
> 17 |   RESTAURANT_FIELDS,
     | ^^^^^^^^^^^^^^^^^^^^
> 18 |   getRestaurantFieldValue,
     | ^^^^^^^^^^^^^^^^^^^^^^^^^^
> 19 | } from "@/lib/filters/fields";
     | ^^^^^^^^^^^^^^^^^^^^^^^^^^^^^^
  20 |
  21 | interface FilteredCandidatesAreaProps {
  22 |   restaurants: Restaurant[];

Import map: aliased to relative './src/lib/filters/fields' inside of [project]/

Import trace:
  Server Component:
    ./src/components/dashboard/FilteredCandidatesArea.tsx
    ./src/app/dashboard/page.tsx

https://nextjs.org/docs/messages/module-not-found @ http://localhost:3000/_next/static/chunks/node_modules_next_dist_0u_w_5s._.js:1945
[  611370ms] [ERROR] ./src/components/dashboard/FilteredCandidatesArea.tsx:15:1
Module not found: Can't resolve '@/lib/filters/evaluate'
  13 | ...pe { FilterGroup } from "@/lib/filter...
  14 | ...createRootGroup } from "@/lib/filters...
> 15 | ...evaluateGroup } from "@/lib/filters/e...
     |    ^^^^^^^^^^^^^^^^^^^^^^^^^^^^^^^^^^^^^^^^
  16 | ...
  17 | ...ANT_FIELDS,
  18 | ...aurantFieldValue,

Import map: aliased to relative './src/lib/filters/evaluate' inside of [project]/

Import trace:
  Server Component:
    ./src/components/dashboard/FilteredCandidatesArea.tsx
    ./src/app/dashboard/page.tsx

https://nextjs.org/docs/messages/module-not-found @ http://localhost:3000/_next/static/chunks/node_modules_next_dist_0u_w_5s._.js:1945
[  611370ms] [ERROR] ./src/components/dashboard/FilteredCandidatesArea.tsx:16:1
Module not found: Can't resolve '@/lib/filters/fields'
  14 | import { createRootGroup } from "@/lib/f...
  15 | import { evaluateGroup } from "@/lib/fil...
> 16 | import {
     | ^^^^^^^
> 17 |   RESTAURANT_FIELDS,
     | ^^^^^^^^^^^^^^^^^^^^
> 18 |   getRestaurantFieldValue,
     | ^^^^^^^^^^^^^^^^^^^^^^^^^^
> 19 | } from "@/lib/filters/fields";
     | ^^^^^^^^^^^^^^^^^^^^^^^^^^^^^^
  20 |
  21 | interface FilteredCandidatesAreaProps {
  22 |   restaurants: Restaurant[];

Import map: aliased to relative './src/lib/filters/fields' inside of [project]/

Import trace:
  Server Component:
    ./src/components/dashboard/FilteredCandidatesArea.tsx
    ./src/app/dashboard/page.tsx

https://nextjs.org/docs/messages/module-not-found @ http://localhost:3000/_next/static/chunks/node_modules_next_dist_0u_w_5s._.js:1945
[  613568ms] [LOG] [Fast Refresh] rebuilding @ http://localhost:3000/_next/static/chunks/node_modules_next_dist_0u_w_5s._.js:1226
[  613662ms] [ERROR] ./src/components/dashboard/FilteredCandidatesArea.tsx:15:1
Module not found: Can't resolve '@/lib/filters/evaluate'
  13 | ...pe { FilterGroup } from "@/lib/filter...
  14 | ...createRootGroup } from "@/lib/filters...
> 15 | ...evaluateGroup } from "@/lib/filters/e...
     |    ^^^^^^^^^^^^^^^^^^^^^^^^^^^^^^^^^^^^^^^^
  16 | ...
  17 | ...ANT_FIELDS,
  18 | ...aurantFieldValue,

Import map: aliased to relative './src/lib/filters/evaluate' inside of [project]/

Import trace:
  Server Component:
    ./src/components/dashboard/FilteredCandidatesArea.tsx
    ./src/app/dashboard/page.tsx

https://nextjs.org/docs/messages/module-not-found @ http://localhost:3000/_next/static/chunks/node_modules_next_dist_0u_w_5s._.js:1945
[  613662ms] [ERROR] ./src/components/dashboard/FilteredCandidatesArea.tsx:16:1
Module not found: Can't resolve '@/lib/filters/fields'
  14 | import { createRootGroup } from "@/lib/f...
  15 | import { evaluateGroup } from "@/lib/fil...
> 16 | import {
     | ^^^^^^^
> 17 |   RESTAURANT_FIELDS,
     | ^^^^^^^^^^^^^^^^^^^^
> 18 |   getRestaurantFieldValue,
     | ^^^^^^^^^^^^^^^^^^^^^^^^^^
> 19 | } from "@/lib/filters/fields";
     | ^^^^^^^^^^^^^^^^^^^^^^^^^^^^^^
  20 |
  21 | interface FilteredCandidatesAreaProps {
  22 |   restaurants: Restaurant[];

Import map: aliased to relative './src/lib/filters/fields' inside of [project]/

Import trace:
  Server Component:
    ./src/components/dashboard/FilteredCandidatesArea.tsx
    ./src/app/dashboard/page.tsx

https://nextjs.org/docs/messages/module-not-found @ http://localhost:3000/_next/static/chunks/node_modules_next_dist_0u_w_5s._.js:1945
[  613664ms] [ERROR] Failed to load resource: the server responded with a status of 500 (Internal Server Error) @ http://localhost:3000/dashboard:0
[  613689ms] [INFO] %cDownload the React DevTools for a better development experience: https://react.dev/link/react-devtools font-weight:bold @ http://localhost:3000/_next/static/chunks/node_modules_react-dom_0bruynb._.js:15305
[  613719ms] Error: ./src/components/dashboard/FilteredCandidatesArea.tsx:15:1
Module not found: Can't resolve '@/lib/filters/evaluate'
  13 | ...pe { FilterGroup } from "@/lib/filter...
  14 | ...createRootGroup } from "@/lib/filters...
> 15 | ...evaluateGroup } from "@/lib/filters/e...
     |    ^^^^^^^^^^^^^^^^^^^^^^^^^^^^^^^^^^^^^^^^
  16 | ...
  17 | ...ANT_FIELDS,
  18 | ...aurantFieldValue,

Import map: aliased to relative './src/lib/filters/evaluate' inside of [project]/


Import trace:
  Server Component:
    ./src/components/dashboard/FilteredCandidatesArea.tsx
    ./src/app/dashboard/page.tsx

https://nextjs.org/docs/messages/module-not-found


    at <unknown> (Error: ./src/components/dashboard/FilteredCandidatesArea.tsx:15:1)
    at <unknown> (https://nextjs.org/docs/messages/module-not-found)
    at Object.getCompilationErrors (file:///Users/vicky/Documents/Github/alfredo/node_modules/next/dist/server/dev/hot-reloader-turbopack.js:1186:59)
    at DevBundlerService.getCompilationError (file:///Users/vicky/Documents/Github/alfredo/node_modules/next/dist/server/lib/dev-bundler-service.js:44:55)
    at DevServer.getCompilationError (file:///Users/vicky/Documents/Github/alfredo/node_modules/next/dist/server/dev/next-dev-server.js:719:42)
    at DevServer.findPageComponents (file:///Users/vicky/Documents/Github/alfredo/node_modules/next/dist/server/dev/next-dev-server.js:689:43)
    at async DevServer.renderErrorToResponseImpl (file:///Users/vicky/Documents/Github/alfredo/node_modules/next/dist/server/base-server.js:1745:26)
[  613696ms] [LOG] [HMR] connected @ http://localhost:3000/_next/static/chunks/node_modules_next_dist_0u_w_5s._.js:1226
[  613725ms] [ERROR] ./src/components/dashboard/FilteredCandidatesArea.tsx:15:1
Module not found: Can't resolve '@/lib/filters/evaluate'
  13 | ...pe { FilterGroup } from "@/lib/filter...
  14 | ...createRootGroup } from "@/lib/filters...
> 15 | ...evaluateGroup } from "@/lib/filters/e...
     |    ^^^^^^^^^^^^^^^^^^^^^^^^^^^^^^^^^^^^^^^^
  16 | ...
  17 | ...ANT_FIELDS,
  18 | ...aurantFieldValue,

Import map: aliased to relative './src/lib/filters/evaluate' inside of [project]/

Import trace:
  Server Component:
    ./src/components/dashboard/FilteredCandidatesArea.tsx
    ./src/app/dashboard/page.tsx

https://nextjs.org/docs/messages/module-not-found @ http://localhost:3000/_next/static/chunks/node_modules_next_dist_0u_w_5s._.js:1945
[  613725ms] [ERROR] ./src/components/dashboard/FilteredCandidatesArea.tsx:16:1
Module not found: Can't resolve '@/lib/filters/fields'
  14 | import { createRootGroup } from "@/lib/f...
  15 | import { evaluateGroup } from "@/lib/fil...
> 16 | import {
     | ^^^^^^^
> 17 |   RESTAURANT_FIELDS,
     | ^^^^^^^^^^^^^^^^^^^^
> 18 |   getRestaurantFieldValue,
     | ^^^^^^^^^^^^^^^^^^^^^^^^^^
> 19 | } from "@/lib/filters/fields";
     | ^^^^^^^^^^^^^^^^^^^^^^^^^^^^^^
  20 |
  21 | interface FilteredCandidatesAreaProps {
  22 |   restaurants: Restaurant[];

Import map: aliased to relative './src/lib/filters/fields' inside of [project]/

Import trace:
  Server Component:
    ./src/components/dashboard/FilteredCandidatesArea.tsx
    ./src/app/dashboard/page.tsx

https://nextjs.org/docs/messages/module-not-found @ http://localhost:3000/_next/static/chunks/node_modules_next_dist_0u_w_5s._.js:1945
[  613753ms] [ERROR] ./src/components/dashboard/FilteredCandidatesArea.tsx:15:1
Module not found: Can't resolve '@/lib/filters/evaluate'
  13 | ...pe { FilterGroup } from "@/lib/filter...
  14 | ...createRootGroup } from "@/lib/filters...
> 15 | ...evaluateGroup } from "@/lib/filters/e...
     |    ^^^^^^^^^^^^^^^^^^^^^^^^^^^^^^^^^^^^^^^^
  16 | ...
  17 | ...ANT_FIELDS,
  18 | ...aurantFieldValue,

Import map: aliased to relative './src/lib/filters/evaluate' inside of [project]/

Import trace:
  Server Component:
    ./src/components/dashboard/FilteredCandidatesArea.tsx
    ./src/app/dashboard/page.tsx

https://nextjs.org/docs/messages/module-not-found @ http://localhost:3000/_next/static/chunks/node_modules_next_dist_0u_w_5s._.js:1945
[  613753ms] [ERROR] ./src/components/dashboard/FilteredCandidatesArea.tsx:16:1
Module not found: Can't resolve '@/lib/filters/fields'
  14 | import { createRootGroup } from "@/lib/f...
  15 | import { evaluateGroup } from "@/lib/fil...
> 16 | import {
     | ^^^^^^^
> 17 |   RESTAURANT_FIELDS,
     | ^^^^^^^^^^^^^^^^^^^^
> 18 |   getRestaurantFieldValue,
     | ^^^^^^^^^^^^^^^^^^^^^^^^^^
> 19 | } from "@/lib/filters/fields";
     | ^^^^^^^^^^^^^^^^^^^^^^^^^^^^^^
  20 |
  21 | interface FilteredCandidatesAreaProps {
  22 |   restaurants: Restaurant[];

Import map: aliased to relative './src/lib/filters/fields' inside of [project]/

Import trace:
  Server Component:
    ./src/components/dashboard/FilteredCandidatesArea.tsx
    ./src/app/dashboard/page.tsx

https://nextjs.org/docs/messages/module-not-found @ http://localhost:3000/_next/static/chunks/node_modules_next_dist_0u_w_5s._.js:1945
[  613811ms] [ERROR] ./src/components/dashboard/FilteredCandidatesArea.tsx:15:1
Module not found: Can't resolve '@/lib/filters/evaluate'
  13 | ...pe { FilterGroup } from "@/lib/filter...
  14 | ...createRootGroup } from "@/lib/filters...
> 15 | ...evaluateGroup } from "@/lib/filters/e...
     |    ^^^^^^^^^^^^^^^^^^^^^^^^^^^^^^^^^^^^^^^^
  16 | ...
  17 | ...ANT_FIELDS,
  18 | ...aurantFieldValue,

Import map: aliased to relative './src/lib/filters/evaluate' inside of [project]/

Import trace:
  Server Component:
    ./src/components/dashboard/FilteredCandidatesArea.tsx
    ./src/app/dashboard/page.tsx

https://nextjs.org/docs/messages/module-not-found @ http://localhost:3000/_next/static/chunks/node_modules_next_dist_0u_w_5s._.js:1945
[  613811ms] [ERROR] ./src/components/dashboard/FilteredCandidatesArea.tsx:16:1
Module not found: Can't resolve '@/lib/filters/fields'
  14 | import { createRootGroup } from "@/lib/f...
  15 | import { evaluateGroup } from "@/lib/fil...
> 16 | import {
     | ^^^^^^^
> 17 |   RESTAURANT_FIELDS,
     | ^^^^^^^^^^^^^^^^^^^^
> 18 |   getRestaurantFieldValue,
     | ^^^^^^^^^^^^^^^^^^^^^^^^^^
> 19 | } from "@/lib/filters/fields";
     | ^^^^^^^^^^^^^^^^^^^^^^^^^^^^^^
  20 |
  21 | interface FilteredCandidatesAreaProps {
  22 |   restaurants: Restaurant[];

Import map: aliased to relative './src/lib/filters/fields' inside of [project]/

Import trace:
  Server Component:
    ./src/components/dashboard/FilteredCandidatesArea.tsx
    ./src/app/dashboard/page.tsx

https://nextjs.org/docs/messages/module-not-found @ http://localhost:3000/_next/static/chunks/node_modules_next_dist_0u_w_5s._.js:1945
[  613882ms] [LOG] [Fast Refresh] rebuilding @ http://localhost:3000/_next/static/chunks/node_modules_next_dist_0u_w_5s._.js:1226
[  614238ms] [LOG] [Fast Refresh] rebuilding @ http://localhost:3000/_next/static/chunks/node_modules_next_dist_0u_w_5s._.js:1226
[  614339ms] [ERROR] Failed to load resource: the server responded with a status of 500 (Internal Server Error) @ http://localhost:3000/dashboard:0
[  614350ms] [INFO] %cDownload the React DevTools for a better development experience: https://react.dev/link/react-devtools font-weight:bold @ http://localhost:3000/_next/static/chunks/node_modules_react-dom_0bruynb._.js:15305
[  614356ms] Error: ./src/components/dashboard/FilteredCandidatesArea.tsx:15:1
Module not found: Can't resolve '@/lib/filters/evaluate'
  13 | ...pe { FilterGroup } from "@/lib/filter...
  14 | ...createRootGroup } from "@/lib/filters...
> 15 | ...evaluateGroup } from "@/lib/filters/e...
     |    ^^^^^^^^^^^^^^^^^^^^^^^^^^^^^^^^^^^^^^^^
  16 | ...
  17 | ...ANT_FIELDS,
  18 | ...aurantFieldValue,

Import map: aliased to relative './src/lib/filters/evaluate' inside of [project]/


Import trace:
  Server Component:
    ./src/components/dashboard/FilteredCandidatesArea.tsx
    ./src/app/dashboard/page.tsx

https://nextjs.org/docs/messages/module-not-found


    at <unknown> (Error: ./src/components/dashboard/FilteredCandidatesArea.tsx:15:1)
    at <unknown> (https://nextjs.org/docs/messages/module-not-found)
    at Object.getCompilationErrors (file:///Users/vicky/Documents/Github/alfredo/node_modules/next/dist/server/dev/hot-reloader-turbopack.js:1186:59)
    at DevBundlerService.getCompilationError (file:///Users/vicky/Documents/Github/alfredo/node_modules/next/dist/server/lib/dev-bundler-service.js:44:55)
    at DevServer.getCompilationError (file:///Users/vicky/Documents/Github/alfredo/node_modules/next/dist/server/dev/next-dev-server.js:719:42)
    at DevServer.findPageComponents (file:///Users/vicky/Documents/Github/alfredo/node_modules/next/dist/server/dev/next-dev-server.js:689:43)
    at async DevServer.renderErrorToResponseImpl (file:///Users/vicky/Documents/Github/alfredo/node_modules/next/dist/server/base-server.js:1745:26)
[  614354ms] [LOG] [HMR] connected @ http://localhost:3000/_next/static/chunks/node_modules_next_dist_0u_w_5s._.js:1226
[  614356ms] [ERROR] ./src/components/dashboard/FilteredCandidatesArea.tsx:15:1
Module not found: Can't resolve '@/lib/filters/evaluate'
  13 | ...pe { FilterGroup } from "@/lib/filter...
  14 | ...createRootGroup } from "@/lib/filters...
> 15 | ...evaluateGroup } from "@/lib/filters/e...
     |    ^^^^^^^^^^^^^^^^^^^^^^^^^^^^^^^^^^^^^^^^
  16 | ...
  17 | ...ANT_FIELDS,
  18 | ...aurantFieldValue,

Import map: aliased to relative './src/lib/filters/evaluate' inside of [project]/

Import trace:
  Server Component:
    ./src/components/dashboard/FilteredCandidatesArea.tsx
    ./src/app/dashboard/page.tsx

https://nextjs.org/docs/messages/module-not-found @ http://localhost:3000/_next/static/chunks/node_modules_next_dist_0u_w_5s._.js:1945
[  614356ms] [ERROR] ./src/components/dashboard/FilteredCandidatesArea.tsx:16:1
Module not found: Can't resolve '@/lib/filters/fields'
  14 | import { createRootGroup } from "@/lib/f...
  15 | import { evaluateGroup } from "@/lib/fil...
> 16 | import {
     | ^^^^^^^
> 17 |   RESTAURANT_FIELDS,
     | ^^^^^^^^^^^^^^^^^^^^
> 18 |   getRestaurantFieldValue,
     | ^^^^^^^^^^^^^^^^^^^^^^^^^^
> 19 | } from "@/lib/filters/fields";
     | ^^^^^^^^^^^^^^^^^^^^^^^^^^^^^^
  20 |
  21 | interface FilteredCandidatesAreaProps {
  22 |   restaurants: Restaurant[];

Import map: aliased to relative './src/lib/filters/fields' inside of [project]/

Import trace:
  Server Component:
    ./src/components/dashboard/FilteredCandidatesArea.tsx
    ./src/app/dashboard/page.tsx

https://nextjs.org/docs/messages/module-not-found @ http://localhost:3000/_next/static/chunks/node_modules_next_dist_0u_w_5s._.js:1945
[  614388ms] [ERROR] ./src/components/dashboard/FilteredCandidatesArea.tsx:15:1
Module not found: Can't resolve '@/lib/filters/evaluate'
  13 | ...pe { FilterGroup } from "@/lib/filter...
  14 | ...createRootGroup } from "@/lib/filters...
> 15 | ...evaluateGroup } from "@/lib/filters/e...
     |    ^^^^^^^^^^^^^^^^^^^^^^^^^^^^^^^^^^^^^^^^
  16 | ...
  17 | ...ANT_FIELDS,
  18 | ...aurantFieldValue,

Import map: aliased to relative './src/lib/filters/evaluate' inside of [project]/

Import trace:
  Server Component:
    ./src/components/dashboard/FilteredCandidatesArea.tsx
    ./src/app/dashboard/page.tsx

https://nextjs.org/docs/messages/module-not-found @ http://localhost:3000/_next/static/chunks/node_modules_next_dist_0u_w_5s._.js:1945
[  614388ms] [ERROR] ./src/components/dashboard/FilteredCandidatesArea.tsx:16:1
Module not found: Can't resolve '@/lib/filters/fields'
  14 | import { createRootGroup } from "@/lib/f...
  15 | import { evaluateGroup } from "@/lib/fil...
> 16 | import {
     | ^^^^^^^
> 17 |   RESTAURANT_FIELDS,
     | ^^^^^^^^^^^^^^^^^^^^
> 18 |   getRestaurantFieldValue,
     | ^^^^^^^^^^^^^^^^^^^^^^^^^^
> 19 | } from "@/lib/filters/fields";
     | ^^^^^^^^^^^^^^^^^^^^^^^^^^^^^^
  20 |
  21 | interface FilteredCandidatesAreaProps {
  22 |   restaurants: Restaurant[];

Import map: aliased to relative './src/lib/filters/fields' inside of [project]/

Import trace:
  Server Component:
    ./src/components/dashboard/FilteredCandidatesArea.tsx
    ./src/app/dashboard/page.tsx

https://nextjs.org/docs/messages/module-not-found @ http://localhost:3000/_next/static/chunks/node_modules_next_dist_0u_w_5s._.js:1945
[  614430ms] [ERROR] ./src/components/dashboard/FilteredCandidatesArea.tsx:15:1
Module not found: Can't resolve '@/lib/filters/evaluate'
  13 | ...pe { FilterGroup } from "@/lib/filter...
  14 | ...createRootGroup } from "@/lib/filters...
> 15 | ...evaluateGroup } from "@/lib/filters/e...
     |    ^^^^^^^^^^^^^^^^^^^^^^^^^^^^^^^^^^^^^^^^
  16 | ...
  17 | ...ANT_FIELDS,
  18 | ...aurantFieldValue,

Import map: aliased to relative './src/lib/filters/evaluate' inside of [project]/

Import trace:
  Server Component:
    ./src/components/dashboard/FilteredCandidatesArea.tsx
    ./src/app/dashboard/page.tsx

https://nextjs.org/docs/messages/module-not-found @ http://localhost:3000/_next/static/chunks/node_modules_next_dist_0u_w_5s._.js:1945
[  614430ms] [ERROR] ./src/components/dashboard/FilteredCandidatesArea.tsx:16:1
Module not found: Can't resolve '@/lib/filters/fields'
  14 | import { createRootGroup } from "@/lib/f...
  15 | import { evaluateGroup } from "@/lib/fil...
> 16 | import {
     | ^^^^^^^
> 17 |   RESTAURANT_FIELDS,
     | ^^^^^^^^^^^^^^^^^^^^
> 18 |   getRestaurantFieldValue,
     | ^^^^^^^^^^^^^^^^^^^^^^^^^^
> 19 | } from "@/lib/filters/fields";
     | ^^^^^^^^^^^^^^^^^^^^^^^^^^^^^^
  20 |
  21 | interface FilteredCandidatesAreaProps {
  22 |   restaurants: Restaurant[];

Import map: aliased to relative './src/lib/filters/fields' inside of [project]/

Import trace:
  Server Component:
    ./src/components/dashboard/FilteredCandidatesArea.tsx
    ./src/app/dashboard/page.tsx

https://nextjs.org/docs/messages/module-not-found @ http://localhost:3000/_next/static/chunks/node_modules_next_dist_0u_w_5s._.js:1945
[  614498ms] [LOG] [Fast Refresh] rebuilding @ http://localhost:3000/_next/static/chunks/node_modules_next_dist_0u_w_5s._.js:1226
[  616364ms] [LOG] [Fast Refresh] rebuilding @ http://localhost:3000/_next/static/chunks/node_modules_next_dist_0u_w_5s._.js:1226
[  616421ms] [ERROR] Failed to load resource: the server responded with a status of 500 (Internal Server Error) @ http://localhost:3000/dashboard:0
[  616431ms] [INFO] %cDownload the React DevTools for a better development experience: https://react.dev/link/react-devtools font-weight:bold @ http://localhost:3000/_next/static/chunks/node_modules_react-dom_0bruynb._.js:15305
[  616451ms] Error: ./src/components/dashboard/FilteredCandidatesArea.tsx:15:1
Module not found: Can't resolve '@/lib/filters/evaluate'
  13 | ...pe { FilterGroup } from "@/lib/filter...
  14 | ...createRootGroup } from "@/lib/filters...
> 15 | ...evaluateGroup } from "@/lib/filters/e...
     |    ^^^^^^^^^^^^^^^^^^^^^^^^^^^^^^^^^^^^^^^^
  16 | ...
  17 | ...ANT_FIELDS,
  18 | ...aurantFieldValue,

Import map: aliased to relative './src/lib/filters/evaluate' inside of [project]/


Import trace:
  Server Component:
    ./src/components/dashboard/FilteredCandidatesArea.tsx
    ./src/app/dashboard/page.tsx

https://nextjs.org/docs/messages/module-not-found


    at <unknown> (Error: ./src/components/dashboard/FilteredCandidatesArea.tsx:15:1)
    at <unknown> (https://nextjs.org/docs/messages/module-not-found)
    at Object.getCompilationErrors (file:///Users/vicky/Documents/Github/alfredo/node_modules/next/dist/server/dev/hot-reloader-turbopack.js:1186:59)
    at DevBundlerService.getCompilationError (file:///Users/vicky/Documents/Github/alfredo/node_modules/next/dist/server/lib/dev-bundler-service.js:44:55)
    at DevServer.getCompilationError (file:///Users/vicky/Documents/Github/alfredo/node_modules/next/dist/server/dev/next-dev-server.js:719:42)
    at DevServer.findPageComponents (file:///Users/vicky/Documents/Github/alfredo/node_modules/next/dist/server/dev/next-dev-server.js:689:43)
    at async DevServer.renderErrorToResponseImpl (file:///Users/vicky/Documents/Github/alfredo/node_modules/next/dist/server/base-server.js:1745:26)
[  616443ms] [LOG] [HMR] connected @ http://localhost:3000/_next/static/chunks/node_modules_next_dist_0u_w_5s._.js:1226
[  616446ms] [ERROR] ./src/components/dashboard/FilteredCandidatesArea.tsx:15:1
Module not found: Can't resolve '@/lib/filters/evaluate'
  13 | ...pe { FilterGroup } from "@/lib/filter...
  14 | ...createRootGroup } from "@/lib/filters...
> 15 | ...evaluateGroup } from "@/lib/filters/e...
     |    ^^^^^^^^^^^^^^^^^^^^^^^^^^^^^^^^^^^^^^^^
  16 | ...
  17 | ...ANT_FIELDS,
  18 | ...aurantFieldValue,

Import map: aliased to relative './src/lib/filters/evaluate' inside of [project]/

Import trace:
  Server Component:
    ./src/components/dashboard/FilteredCandidatesArea.tsx
    ./src/app/dashboard/page.tsx

https://nextjs.org/docs/messages/module-not-found @ http://localhost:3000/_next/static/chunks/node_modules_next_dist_0u_w_5s._.js:1945
[  616446ms] [ERROR] ./src/components/dashboard/FilteredCandidatesArea.tsx:16:1
Module not found: Can't resolve '@/lib/filters/fields'
  14 | import { createRootGroup } from "@/lib/f...
  15 | import { evaluateGroup } from "@/lib/fil...
> 16 | import {
     | ^^^^^^^
> 17 |   RESTAURANT_FIELDS,
     | ^^^^^^^^^^^^^^^^^^^^
> 18 |   getRestaurantFieldValue,
     | ^^^^^^^^^^^^^^^^^^^^^^^^^^
> 19 | } from "@/lib/filters/fields";
     | ^^^^^^^^^^^^^^^^^^^^^^^^^^^^^^
  20 |
  21 | interface FilteredCandidatesAreaProps {
  22 |   restaurants: Restaurant[];

Import map: aliased to relative './src/lib/filters/fields' inside of [project]/

Import trace:
  Server Component:
    ./src/components/dashboard/FilteredCandidatesArea.tsx
    ./src/app/dashboard/page.tsx

https://nextjs.org/docs/messages/module-not-found @ http://localhost:3000/_next/static/chunks/node_modules_next_dist_0u_w_5s._.js:1945
[  616454ms] [ERROR] ./src/components/dashboard/FilteredCandidatesArea.tsx:15:1
Module not found: Can't resolve '@/lib/filters/evaluate'
  13 | ...pe { FilterGroup } from "@/lib/filter...
  14 | ...createRootGroup } from "@/lib/filters...
> 15 | ...evaluateGroup } from "@/lib/filters/e...
     |    ^^^^^^^^^^^^^^^^^^^^^^^^^^^^^^^^^^^^^^^^
  16 | ...
  17 | ...ANT_FIELDS,
  18 | ...aurantFieldValue,

Import map: aliased to relative './src/lib/filters/evaluate' inside of [project]/

Import trace:
  Server Component:
    ./src/components/dashboard/FilteredCandidatesArea.tsx
    ./src/app/dashboard/page.tsx

https://nextjs.org/docs/messages/module-not-found @ http://localhost:3000/_next/static/chunks/node_modules_next_dist_0u_w_5s._.js:1945
[  616454ms] [ERROR] ./src/components/dashboard/FilteredCandidatesArea.tsx:16:1
Module not found: Can't resolve '@/lib/filters/fields'
  14 | import { createRootGroup } from "@/lib/f...
  15 | import { evaluateGroup } from "@/lib/fil...
> 16 | import {
     | ^^^^^^^
> 17 |   RESTAURANT_FIELDS,
     | ^^^^^^^^^^^^^^^^^^^^
> 18 |   getRestaurantFieldValue,
     | ^^^^^^^^^^^^^^^^^^^^^^^^^^
> 19 | } from "@/lib/filters/fields";
     | ^^^^^^^^^^^^^^^^^^^^^^^^^^^^^^
  20 |
  21 | interface FilteredCandidatesAreaProps {
  22 |   restaurants: Restaurant[];

Import map: aliased to relative './src/lib/filters/fields' inside of [project]/

Import trace:
  Server Component:
    ./src/components/dashboard/FilteredCandidatesArea.tsx
    ./src/app/dashboard/page.tsx

https://nextjs.org/docs/messages/module-not-found @ http://localhost:3000/_next/static/chunks/node_modules_next_dist_0u_w_5s._.js:1945
[  616507ms] [ERROR] ./src/components/dashboard/FilteredCandidatesArea.tsx:15:1
Module not found: Can't resolve '@/lib/filters/evaluate'
  13 | ...pe { FilterGroup } from "@/lib/filter...
  14 | ...createRootGroup } from "@/lib/filters...
> 15 | ...evaluateGroup } from "@/lib/filters/e...
     |    ^^^^^^^^^^^^^^^^^^^^^^^^^^^^^^^^^^^^^^^^
  16 | ...
  17 | ...ANT_FIELDS,
  18 | ...aurantFieldValue,

Import map: aliased to relative './src/lib/filters/evaluate' inside of [project]/

Import trace:
  Server Component:
    ./src/components/dashboard/FilteredCandidatesArea.tsx
    ./src/app/dashboard/page.tsx

https://nextjs.org/docs/messages/module-not-found @ http://localhost:3000/_next/static/chunks/node_modules_next_dist_0u_w_5s._.js:1945
[  616507ms] [ERROR] ./src/components/dashboard/FilteredCandidatesArea.tsx:16:1
Module not found: Can't resolve '@/lib/filters/fields'
  14 | import { createRootGroup } from "@/lib/f...
  15 | import { evaluateGroup } from "@/lib/fil...
> 16 | import {
     | ^^^^^^^
> 17 |   RESTAURANT_FIELDS,
     | ^^^^^^^^^^^^^^^^^^^^
> 18 |   getRestaurantFieldValue,
     | ^^^^^^^^^^^^^^^^^^^^^^^^^^
> 19 | } from "@/lib/filters/fields";
     | ^^^^^^^^^^^^^^^^^^^^^^^^^^^^^^
  20 |
  21 | interface FilteredCandidatesAreaProps {
  22 |   restaurants: Restaurant[];

Import map: aliased to relative './src/lib/filters/fields' inside of [project]/

Import trace:
  Server Component:
    ./src/components/dashboard/FilteredCandidatesArea.tsx
    ./src/app/dashboard/page.tsx

https://nextjs.org/docs/messages/module-not-found @ http://localhost:3000/_next/static/chunks/node_modules_next_dist_0u_w_5s._.js:1945
[  616555ms] [LOG] [Fast Refresh] rebuilding @ http://localhost:3000/_next/static/chunks/node_modules_next_dist_0u_w_5s._.js:1226
[  617265ms] [LOG] [Fast Refresh] rebuilding @ http://localhost:3000/_next/static/chunks/node_modules_next_dist_0u_w_5s._.js:1226
[  617359ms] [ERROR] Failed to load resource: the server responded with a status of 500 (Internal Server Error) @ http://localhost:3000/dashboard:0
[  617373ms] [INFO] %cDownload the React DevTools for a better development experience: https://react.dev/link/react-devtools font-weight:bold @ http://localhost:3000/_next/static/chunks/node_modules_react-dom_0bruynb._.js:15305
[  617384ms] Error: ./src/components/dashboard/FilteredCandidatesArea.tsx:15:1
Module not found: Can't resolve '@/lib/filters/evaluate'
  13 | ...pe { FilterGroup } from "@/lib/filter...
  14 | ...createRootGroup } from "@/lib/filters...
> 15 | ...evaluateGroup } from "@/lib/filters/e...
     |    ^^^^^^^^^^^^^^^^^^^^^^^^^^^^^^^^^^^^^^^^
  16 | ...
  17 | ...ANT_FIELDS,
  18 | ...aurantFieldValue,

Import map: aliased to relative './src/lib/filters/evaluate' inside of [project]/


Import trace:
  Server Component:
    ./src/components/dashboard/FilteredCandidatesArea.tsx
    ./src/app/dashboard/page.tsx

https://nextjs.org/docs/messages/module-not-found


    at <unknown> (Error: ./src/components/dashboard/FilteredCandidatesArea.tsx:15:1)
    at <unknown> (https://nextjs.org/docs/messages/module-not-found)
    at Object.getCompilationErrors (file:///Users/vicky/Documents/Github/alfredo/node_modules/next/dist/server/dev/hot-reloader-turbopack.js:1186:59)
    at DevBundlerService.getCompilationError (file:///Users/vicky/Documents/Github/alfredo/node_modules/next/dist/server/lib/dev-bundler-service.js:44:55)
    at DevServer.getCompilationError (file:///Users/vicky/Documents/Github/alfredo/node_modules/next/dist/server/dev/next-dev-server.js:719:42)
    at DevServer.findPageComponents (file:///Users/vicky/Documents/Github/alfredo/node_modules/next/dist/server/dev/next-dev-server.js:689:43)
    at async DevServer.renderErrorToResponseImpl (file:///Users/vicky/Documents/Github/alfredo/node_modules/next/dist/server/base-server.js:1745:26)
[  617381ms] [LOG] [HMR] connected @ http://localhost:3000/_next/static/chunks/node_modules_next_dist_0u_w_5s._.js:1226
[  617388ms] [ERROR] ./src/components/dashboard/FilteredCandidatesArea.tsx:15:1
Module not found: Can't resolve '@/lib/filters/evaluate'
  13 | ...pe { FilterGroup } from "@/lib/filter...
  14 | ...createRootGroup } from "@/lib/filters...
> 15 | ...evaluateGroup } from "@/lib/filters/e...
     |    ^^^^^^^^^^^^^^^^^^^^^^^^^^^^^^^^^^^^^^^^
  16 | ...
  17 | ...ANT_FIELDS,
  18 | ...aurantFieldValue,

Import map: aliased to relative './src/lib/filters/evaluate' inside of [project]/

Import trace:
  Server Component:
    ./src/components/dashboard/FilteredCandidatesArea.tsx
    ./src/app/dashboard/page.tsx

https://nextjs.org/docs/messages/module-not-found @ http://localhost:3000/_next/static/chunks/node_modules_next_dist_0u_w_5s._.js:1945
[  617388ms] [ERROR] ./src/components/dashboard/FilteredCandidatesArea.tsx:16:1
Module not found: Can't resolve '@/lib/filters/fields'
  14 | import { createRootGroup } from "@/lib/f...
  15 | import { evaluateGroup } from "@/lib/fil...
> 16 | import {
     | ^^^^^^^
> 17 |   RESTAURANT_FIELDS,
     | ^^^^^^^^^^^^^^^^^^^^
> 18 |   getRestaurantFieldValue,
     | ^^^^^^^^^^^^^^^^^^^^^^^^^^
> 19 | } from "@/lib/filters/fields";
     | ^^^^^^^^^^^^^^^^^^^^^^^^^^^^^^
  20 |
  21 | interface FilteredCandidatesAreaProps {
  22 |   restaurants: Restaurant[];

Import map: aliased to relative './src/lib/filters/fields' inside of [project]/

Import trace:
  Server Component:
    ./src/components/dashboard/FilteredCandidatesArea.tsx
    ./src/app/dashboard/page.tsx

https://nextjs.org/docs/messages/module-not-found @ http://localhost:3000/_next/static/chunks/node_modules_next_dist_0u_w_5s._.js:1945
[  617390ms] [ERROR] ./src/components/dashboard/FilteredCandidatesArea.tsx:15:1
Module not found: Can't resolve '@/lib/filters/evaluate'
  13 | ...pe { FilterGroup } from "@/lib/filter...
  14 | ...createRootGroup } from "@/lib/filters...
> 15 | ...evaluateGroup } from "@/lib/filters/e...
     |    ^^^^^^^^^^^^^^^^^^^^^^^^^^^^^^^^^^^^^^^^
  16 | ...
  17 | ...ANT_FIELDS,
  18 | ...aurantFieldValue,

Import map: aliased to relative './src/lib/filters/evaluate' inside of [project]/

Import trace:
  Server Component:
    ./src/components/dashboard/FilteredCandidatesArea.tsx
    ./src/app/dashboard/page.tsx

https://nextjs.org/docs/messages/module-not-found @ http://localhost:3000/_next/static/chunks/node_modules_next_dist_0u_w_5s._.js:1945
[  617390ms] [ERROR] ./src/components/dashboard/FilteredCandidatesArea.tsx:16:1
Module not found: Can't resolve '@/lib/filters/fields'
  14 | import { createRootGroup } from "@/lib/f...
  15 | import { evaluateGroup } from "@/lib/fil...
> 16 | import {
     | ^^^^^^^
> 17 |   RESTAURANT_FIELDS,
     | ^^^^^^^^^^^^^^^^^^^^
> 18 |   getRestaurantFieldValue,
     | ^^^^^^^^^^^^^^^^^^^^^^^^^^
> 19 | } from "@/lib/filters/fields";
     | ^^^^^^^^^^^^^^^^^^^^^^^^^^^^^^
  20 |
  21 | interface FilteredCandidatesAreaProps {
  22 |   restaurants: Restaurant[];

Import map: aliased to relative './src/lib/filters/fields' inside of [project]/

Import trace:
  Server Component:
    ./src/components/dashboard/FilteredCandidatesArea.tsx
    ./src/app/dashboard/page.tsx

https://nextjs.org/docs/messages/module-not-found @ http://localhost:3000/_next/static/chunks/node_modules_next_dist_0u_w_5s._.js:1945
[  617429ms] [ERROR] ./src/components/dashboard/FilteredCandidatesArea.tsx:15:1
Module not found: Can't resolve '@/lib/filters/evaluate'
  13 | ...pe { FilterGroup } from "@/lib/filter...
  14 | ...createRootGroup } from "@/lib/filters...
> 15 | ...evaluateGroup } from "@/lib/filters/e...
     |    ^^^^^^^^^^^^^^^^^^^^^^^^^^^^^^^^^^^^^^^^
  16 | ...
  17 | ...ANT_FIELDS,
  18 | ...aurantFieldValue,

Import map: aliased to relative './src/lib/filters/evaluate' inside of [project]/

Import trace:
  Server Component:
    ./src/components/dashboard/FilteredCandidatesArea.tsx
    ./src/app/dashboard/page.tsx

https://nextjs.org/docs/messages/module-not-found @ http://localhost:3000/_next/static/chunks/node_modules_next_dist_0u_w_5s._.js:1945
[  617429ms] [ERROR] ./src/components/dashboard/FilteredCandidatesArea.tsx:16:1
Module not found: Can't resolve '@/lib/filters/fields'
  14 | import { createRootGroup } from "@/lib/f...
  15 | import { evaluateGroup } from "@/lib/fil...
> 16 | import {
     | ^^^^^^^
> 17 |   RESTAURANT_FIELDS,
     | ^^^^^^^^^^^^^^^^^^^^
> 18 |   getRestaurantFieldValue,
     | ^^^^^^^^^^^^^^^^^^^^^^^^^^
> 19 | } from "@/lib/filters/fields";
     | ^^^^^^^^^^^^^^^^^^^^^^^^^^^^^^
  20 |
  21 | interface FilteredCandidatesAreaProps {
  22 |   restaurants: Restaurant[];

Import map: aliased to relative './src/lib/filters/fields' inside of [project]/

Import trace:
  Server Component:
    ./src/components/dashboard/FilteredCandidatesArea.tsx
    ./src/app/dashboard/page.tsx

https://nextjs.org/docs/messages/module-not-found @ http://localhost:3000/_next/static/chunks/node_modules_next_dist_0u_w_5s._.js:1945
[  617490ms] [LOG] [Fast Refresh] rebuilding @ http://localhost:3000/_next/static/chunks/node_modules_next_dist_0u_w_5s._.js:1226
[  618306ms] [LOG] [Fast Refresh] rebuilding @ http://localhost:3000/_next/static/chunks/node_modules_next_dist_0u_w_5s._.js:1226
[  618393ms] [ERROR] Failed to load resource: the server responded with a status of 500 (Internal Server Error) @ http://localhost:3000/dashboard:0
[  618403ms] [INFO] %cDownload the React DevTools for a better development experience: https://react.dev/link/react-devtools font-weight:bold @ http://localhost:3000/_next/static/chunks/node_modules_react-dom_0bruynb._.js:15305
[  618413ms] Error: ./src/components/dashboard/FilteredCandidatesArea.tsx:15:1
Module not found: Can't resolve '@/lib/filters/evaluate'
  13 | ...pe { FilterGroup } from "@/lib/filter...
  14 | ...createRootGroup } from "@/lib/filters...
> 15 | ...evaluateGroup } from "@/lib/filters/e...
     |    ^^^^^^^^^^^^^^^^^^^^^^^^^^^^^^^^^^^^^^^^
  16 | ...
  17 | ...ANT_FIELDS,
  18 | ...aurantFieldValue,

Import map: aliased to relative './src/lib/filters/evaluate' inside of [project]/


Import trace:
  Server Component:
    ./src/components/dashboard/FilteredCandidatesArea.tsx
    ./src/app/dashboard/page.tsx

https://nextjs.org/docs/messages/module-not-found


    at <unknown> (Error: ./src/components/dashboard/FilteredCandidatesArea.tsx:15:1)
    at <unknown> (https://nextjs.org/docs/messages/module-not-found)
    at Object.getCompilationErrors (file:///Users/vicky/Documents/Github/alfredo/node_modules/next/dist/server/dev/hot-reloader-turbopack.js:1186:59)
    at DevBundlerService.getCompilationError (file:///Users/vicky/Documents/Github/alfredo/node_modules/next/dist/server/lib/dev-bundler-service.js:44:55)
    at DevServer.getCompilationError (file:///Users/vicky/Documents/Github/alfredo/node_modules/next/dist/server/dev/next-dev-server.js:719:42)
    at DevServer.findPageComponents (file:///Users/vicky/Documents/Github/alfredo/node_modules/next/dist/server/dev/next-dev-server.js:689:43)
    at async DevServer.renderErrorToResponseImpl (file:///Users/vicky/Documents/Github/alfredo/node_modules/next/dist/server/base-server.js:1745:26)
[  618408ms] [LOG] [HMR] connected @ http://localhost:3000/_next/static/chunks/node_modules_next_dist_0u_w_5s._.js:1226
[  618413ms] [ERROR] ./src/components/dashboard/FilteredCandidatesArea.tsx:15:1
Module not found: Can't resolve '@/lib/filters/evaluate'
  13 | ...pe { FilterGroup } from "@/lib/filter...
  14 | ...createRootGroup } from "@/lib/filters...
> 15 | ...evaluateGroup } from "@/lib/filters/e...
     |    ^^^^^^^^^^^^^^^^^^^^^^^^^^^^^^^^^^^^^^^^
  16 | ...
  17 | ...ANT_FIELDS,
  18 | ...aurantFieldValue,

Import map: aliased to relative './src/lib/filters/evaluate' inside of [project]/

Import trace:
  Server Component:
    ./src/components/dashboard/FilteredCandidatesArea.tsx
    ./src/app/dashboard/page.tsx

https://nextjs.org/docs/messages/module-not-found @ http://localhost:3000/_next/static/chunks/node_modules_next_dist_0u_w_5s._.js:1945
[  618413ms] [ERROR] ./src/components/dashboard/FilteredCandidatesArea.tsx:16:1
Module not found: Can't resolve '@/lib/filters/fields'
  14 | import { createRootGroup } from "@/lib/f...
  15 | import { evaluateGroup } from "@/lib/fil...
> 16 | import {
     | ^^^^^^^
> 17 |   RESTAURANT_FIELDS,
     | ^^^^^^^^^^^^^^^^^^^^
> 18 |   getRestaurantFieldValue,
     | ^^^^^^^^^^^^^^^^^^^^^^^^^^
> 19 | } from "@/lib/filters/fields";
     | ^^^^^^^^^^^^^^^^^^^^^^^^^^^^^^
  20 |
  21 | interface FilteredCandidatesAreaProps {
  22 |   restaurants: Restaurant[];

Import map: aliased to relative './src/lib/filters/fields' inside of [project]/

Import trace:
  Server Component:
    ./src/components/dashboard/FilteredCandidatesArea.tsx
    ./src/app/dashboard/page.tsx

https://nextjs.org/docs/messages/module-not-found @ http://localhost:3000/_next/static/chunks/node_modules_next_dist_0u_w_5s._.js:1945
[  618441ms] [ERROR] ./src/components/dashboard/FilteredCandidatesArea.tsx:15:1
Module not found: Can't resolve '@/lib/filters/evaluate'
  13 | ...pe { FilterGroup } from "@/lib/filter...
  14 | ...createRootGroup } from "@/lib/filters...
> 15 | ...evaluateGroup } from "@/lib/filters/e...
     |    ^^^^^^^^^^^^^^^^^^^^^^^^^^^^^^^^^^^^^^^^
  16 | ...
  17 | ...ANT_FIELDS,
  18 | ...aurantFieldValue,

Import map: aliased to relative './src/lib/filters/evaluate' inside of [project]/

Import trace:
  Server Component:
    ./src/components/dashboard/FilteredCandidatesArea.tsx
    ./src/app/dashboard/page.tsx

https://nextjs.org/docs/messages/module-not-found @ http://localhost:3000/_next/static/chunks/node_modules_next_dist_0u_w_5s._.js:1945
[  618442ms] [ERROR] ./src/components/dashboard/FilteredCandidatesArea.tsx:16:1
Module not found: Can't resolve '@/lib/filters/fields'
  14 | import { createRootGroup } from "@/lib/f...
  15 | import { evaluateGroup } from "@/lib/fil...
> 16 | import {
     | ^^^^^^^
> 17 |   RESTAURANT_FIELDS,
     | ^^^^^^^^^^^^^^^^^^^^
> 18 |   getRestaurantFieldValue,
     | ^^^^^^^^^^^^^^^^^^^^^^^^^^
> 19 | } from "@/lib/filters/fields";
     | ^^^^^^^^^^^^^^^^^^^^^^^^^^^^^^
  20 |
  21 | interface FilteredCandidatesAreaProps {
  22 |   restaurants: Restaurant[];

Import map: aliased to relative './src/lib/filters/fields' inside of [project]/

Import trace:
  Server Component:
    ./src/components/dashboard/FilteredCandidatesArea.tsx
    ./src/app/dashboard/page.tsx

https://nextjs.org/docs/messages/module-not-found @ http://localhost:3000/_next/static/chunks/node_modules_next_dist_0u_w_5s._.js:1945
[  639111ms] [LOG] [Fast Refresh] rebuilding @ http://localhost:3000/_next/static/chunks/node_modules_next_dist_0u_w_5s._.js:1226
[  639283ms] [LOG] [Fast Refresh] done in 44ms @ http://localhost:3000/_next/static/chunks/node_modules_next_dist_0u_w_5s._.js:1226
[  639495ms] [INFO] %cDownload the React DevTools for a better development experience: https://react.dev/link/react-devtools font-weight:bold @ http://localhost:3000/_next/static/chunks/node_modules_next_dist_115brz8._.js:2431
[  639508ms] [LOG] [HMR] connected @ http://localhost:3000/_next/static/chunks/node_modules_next_dist_115brz8._.js:2431
