[     102ms] [INFO] %cDownload the React DevTools for a better development experience: https://react.dev/link/react-devtools font-weight:bold @ http://localhost:3000/_next/static/chunks/node_modules_next_dist_115brz8._.js:2431
[     116ms] [LOG] [HMR] connected @ http://localhost:3000/_next/static/chunks/node_modules_next_dist_115brz8._.js:2431
[   13214ms] [ERROR] ./src/app/setup/page.tsx:242:6
Unterminated regexp literal
  240 |         </form>
  241 |       </div>
> 242 |     </main>
      |      ^^^^^^
  243 |   );
  244 | }
  245 |

Parsing ecmascript source code failed

Import traces:
  Client Component Browser:
    ./src/app/setup/page.tsx [Client Component Browser]
    ./src/app/setup/page.tsx [Server Component]

  Client Component SSR:
    ./src/app/setup/page.tsx [Client Component SSR]
    ./src/app/setup/page.tsx [Server Component] @ http://localhost:3000/_next/static/chunks/node_modules_next_dist_115brz8._.js:3272
[   13279ms] [ERROR] ./src/app/setup/page.tsx:242:6
Unterminated regexp literal
  240 |         </form>
  241 |       </div>
> 242 |     </main>
      |      ^^^^^^
  243 |   );
  244 | }
  245 |

Parsing ecmascript source code failed

Import traces:
  Client Component Browser:
    ./src/app/setup/page.tsx [Client Component Browser]
    ./src/app/setup/page.tsx [Server Component]

  Client Component SSR:
    ./src/app/setup/page.tsx [Client Component SSR]
    ./src/app/setup/page.tsx [Server Component] @ http://localhost:3000/_next/static/chunks/node_modules_next_dist_115brz8._.js:3272
[   13326ms] [ERROR] ./src/app/setup/page.tsx:242:6
Unterminated regexp literal
  240 |         </form>
  241 |       </div>
> 242 |     </main>
      |      ^^^^^^
  243 |   );
  244 | }
  245 |

Parsing ecmascript source code failed

Import traces:
  Client Component Browser:
    ./src/app/setup/page.tsx [Client Component Browser]
    ./src/app/setup/page.tsx [Server Component]

  Client Component SSR:
    ./src/app/setup/page.tsx [Client Component SSR]
    ./src/app/setup/page.tsx [Server Component] @ http://localhost:3000/_next/static/chunks/node_modules_next_dist_115brz8._.js:3272
[   13373ms] [ERROR] ./src/app/setup/page.tsx:242:6
Unterminated regexp literal
  240 |         </form>
  241 |       </div>
> 242 |     </main>
      |      ^^^^^^
  243 |   );
  244 | }
  245 |

Parsing ecmascript source code failed

Import traces:
  Client Component Browser:
    ./src/app/setup/page.tsx [Client Component Browser]
    ./src/app/setup/page.tsx [Server Component]

  Client Component SSR:
    ./src/app/setup/page.tsx [Client Component SSR]
    ./src/app/setup/page.tsx [Server Component] @ http://localhost:3000/_next/static/chunks/node_modules_next_dist_115brz8._.js:3272
[   13413ms] [ERROR] ./src/app/setup/page.tsx:242:6
Unterminated regexp literal
  240 |         </form>
  241 |       </div>
> 242 |     </main>
      |      ^^^^^^
  243 |   );
  244 | }
  245 |

Parsing ecmascript source code failed

Import traces:
  Client Component Browser:
    ./src/app/setup/page.tsx [Client Component Browser]
    ./src/app/setup/page.tsx [Server Component]

  Client Component SSR:
    ./src/app/setup/page.tsx [Client Component SSR]
    ./src/app/setup/page.tsx [Server Component] @ http://localhost:3000/_next/static/chunks/node_modules_next_dist_115brz8._.js:3272
[   13460ms] [ERROR] ./src/app/setup/page.tsx:242:6
Unterminated regexp literal
  240 |         </form>
  241 |       </div>
> 242 |     </main>
      |      ^^^^^^
  243 |   );
  244 | }
  245 |

Parsing ecmascript source code failed

Import traces:
  Client Component Browser:
    ./src/app/setup/page.tsx [Client Component Browser]
    ./src/app/setup/page.tsx [Server Component]

  Client Component SSR:
    ./src/app/setup/page.tsx [Client Component SSR]
    ./src/app/setup/page.tsx [Server Component] @ http://localhost:3000/_next/static/chunks/node_modules_next_dist_115brz8._.js:3272
[   13502ms] [ERROR] ./src/app/setup/page.tsx:242:6
Unterminated regexp literal
  240 |         </form>
  241 |       </div>
> 242 |     </main>
      |      ^^^^^^
  243 |   );
  244 | }
  245 |

Parsing ecmascript source code failed

Import traces:
  Client Component Browser:
    ./src/app/setup/page.tsx [Client Component Browser]
    ./src/app/setup/page.tsx [Server Component]

  Client Component SSR:
    ./src/app/setup/page.tsx [Client Component SSR]
    ./src/app/setup/page.tsx [Server Component] @ http://localhost:3000/_next/static/chunks/node_modules_next_dist_115brz8._.js:3272
[   13549ms] [ERROR] ./src/app/setup/page.tsx:242:6
Unterminated regexp literal
  240 |         </form>
  241 |       </div>
> 242 |     </main>
      |      ^^^^^^
  243 |   );
  244 | }
  245 |

Parsing ecmascript source code failed

Import traces:
  Client Component Browser:
    ./src/app/setup/page.tsx [Client Component Browser]
    ./src/app/setup/page.tsx [Server Component]

  Client Component SSR:
    ./src/app/setup/page.tsx [Client Component SSR]
    ./src/app/setup/page.tsx [Server Component] @ http://localhost:3000/_next/static/chunks/node_modules_next_dist_115brz8._.js:3272
[   13595ms] [ERROR] ./src/app/setup/page.tsx:242:6
Unterminated regexp literal
  240 |         </form>
  241 |       </div>
> 242 |     </main>
      |      ^^^^^^
  243 |   );
  244 | }
  245 |

Parsing ecmascript source code failed

Import traces:
  Client Component Browser:
    ./src/app/setup/page.tsx [Client Component Browser]
    ./src/app/setup/page.tsx [Server Component]

  Client Component SSR:
    ./src/app/setup/page.tsx [Client Component SSR]
    ./src/app/setup/page.tsx [Server Component] @ http://localhost:3000/_next/static/chunks/node_modules_next_dist_115brz8._.js:3272
[   13642ms] [ERROR] ./src/app/setup/page.tsx:242:6
Unterminated regexp literal
  240 |         </form>
  241 |       </div>
> 242 |     </main>
      |      ^^^^^^
  243 |   );
  244 | }
  245 |

Parsing ecmascript source code failed

Import traces:
  Client Component Browser:
    ./src/app/setup/page.tsx [Client Component Browser]
    ./src/app/setup/page.tsx [Server Component]

  Client Component SSR:
    ./src/app/setup/page.tsx [Client Component SSR]
    ./src/app/setup/page.tsx [Server Component] @ http://localhost:3000/_next/static/chunks/node_modules_next_dist_115brz8._.js:3272
[   13681ms] [ERROR] ./src/app/setup/page.tsx:242:6
Unterminated regexp literal
  240 |         </form>
  241 |       </div>
> 242 |     </main>
      |      ^^^^^^
  243 |   );
  244 | }
  245 |

Parsing ecmascript source code failed

Import traces:
  Client Component Browser:
    ./src/app/setup/page.tsx [Client Component Browser]
    ./src/app/setup/page.tsx [Server Component]

  Client Component SSR:
    ./src/app/setup/page.tsx [Client Component SSR]
    ./src/app/setup/page.tsx [Server Component] @ http://localhost:3000/_next/static/chunks/node_modules_next_dist_115brz8._.js:3272
[   13729ms] [ERROR] ./src/app/setup/page.tsx:242:6
Unterminated regexp literal
  240 |         </form>
  241 |       </div>
> 242 |     </main>
      |      ^^^^^^
  243 |   );
  244 | }
  245 |

Parsing ecmascript source code failed

Import traces:
  Client Component Browser:
    ./src/app/setup/page.tsx [Client Component Browser]
    ./src/app/setup/page.tsx [Server Component]

  Client Component SSR:
    ./src/app/setup/page.tsx [Client Component SSR]
    ./src/app/setup/page.tsx [Server Component] @ http://localhost:3000/_next/static/chunks/node_modules_next_dist_115brz8._.js:3272
[   13777ms] [ERROR] ./src/app/setup/page.tsx:242:6
Unterminated regexp literal
  240 |         </form>
  241 |       </div>
> 242 |     </main>
      |      ^^^^^^
  243 |   );
  244 | }
  245 |

Parsing ecmascript source code failed

Import traces:
  Client Component Browser:
    ./src/app/setup/page.tsx [Client Component Browser]
    ./src/app/setup/page.tsx [Server Component]

  Client Component SSR:
    ./src/app/setup/page.tsx [Client Component SSR]
    ./src/app/setup/page.tsx [Server Component] @ http://localhost:3000/_next/static/chunks/node_modules_next_dist_115brz8._.js:3272
[   13825ms] [ERROR] ./src/app/setup/page.tsx:242:6
Unterminated regexp literal
  240 |         </form>
  241 |       </div>
> 242 |     </main>
      |      ^^^^^^
  243 |   );
  244 | }
  245 |

Parsing ecmascript source code failed

Import traces:
  Client Component Browser:
    ./src/app/setup/page.tsx [Client Component Browser]
    ./src/app/setup/page.tsx [Server Component]

  Client Component SSR:
    ./src/app/setup/page.tsx [Client Component SSR]
    ./src/app/setup/page.tsx [Server Component] @ http://localhost:3000/_next/static/chunks/node_modules_next_dist_115brz8._.js:3272
[   13873ms] [ERROR] ./src/app/setup/page.tsx:242:6
Unterminated regexp literal
  240 |         </form>
  241 |       </div>
> 242 |     </main>
      |      ^^^^^^
  243 |   );
  244 | }
  245 |

Parsing ecmascript source code failed

Import traces:
  Client Component Browser:
    ./src/app/setup/page.tsx [Client Component Browser]
    ./src/app/setup/page.tsx [Server Component]

  Client Component SSR:
    ./src/app/setup/page.tsx [Client Component SSR]
    ./src/app/setup/page.tsx [Server Component] @ http://localhost:3000/_next/static/chunks/node_modules_next_dist_115brz8._.js:3272
[   13920ms] [ERROR] ./src/app/setup/page.tsx:242:6
Unterminated regexp literal
  240 |         </form>
  241 |       </div>
> 242 |     </main>
      |      ^^^^^^
  243 |   );
  244 | }
  245 |

Parsing ecmascript source code failed

Import traces:
  Client Component Browser:
    ./src/app/setup/page.tsx [Client Component Browser]
    ./src/app/setup/page.tsx [Server Component]

  Client Component SSR:
    ./src/app/setup/page.tsx [Client Component SSR]
    ./src/app/setup/page.tsx [Server Component] @ http://localhost:3000/_next/static/chunks/node_modules_next_dist_115brz8._.js:3272
[   13967ms] [ERROR] ./src/app/setup/page.tsx:242:6
Unterminated regexp literal
  240 |         </form>
  241 |       </div>
> 242 |     </main>
      |      ^^^^^^
  243 |   );
  244 | }
  245 |

Parsing ecmascript source code failed

Import traces:
  Client Component Browser:
    ./src/app/setup/page.tsx [Client Component Browser]
    ./src/app/setup/page.tsx [Server Component]

  Client Component SSR:
    ./src/app/setup/page.tsx [Client Component SSR]
    ./src/app/setup/page.tsx [Server Component] @ http://localhost:3000/_next/static/chunks/node_modules_next_dist_115brz8._.js:3272
[   14014ms] [ERROR] ./src/app/setup/page.tsx:242:6
Unterminated regexp literal
  240 |         </form>
  241 |       </div>
> 242 |     </main>
      |      ^^^^^^
  243 |   );
  244 | }
  245 |

Parsing ecmascript source code failed

Import traces:
  Client Component Browser:
    ./src/app/setup/page.tsx [Client Component Browser]
    ./src/app/setup/page.tsx [Server Component]

  Client Component SSR:
    ./src/app/setup/page.tsx [Client Component SSR]
    ./src/app/setup/page.tsx [Server Component] @ http://localhost:3000/_next/static/chunks/node_modules_next_dist_115brz8._.js:3272
[   14062ms] [ERROR] ./src/app/setup/page.tsx:242:6
Unterminated regexp literal
  240 |         </form>
  241 |       </div>
> 242 |     </main>
      |      ^^^^^^
  243 |   );
  244 | }
  245 |

Parsing ecmascript source code failed

Import traces:
  Client Component Browser:
    ./src/app/setup/page.tsx [Client Component Browser]
    ./src/app/setup/page.tsx [Server Component]

  Client Component SSR:
    ./src/app/setup/page.tsx [Client Component SSR]
    ./src/app/setup/page.tsx [Server Component] @ http://localhost:3000/_next/static/chunks/node_modules_next_dist_115brz8._.js:3272
[   14106ms] [ERROR] ./src/app/setup/page.tsx:242:6
Unterminated regexp literal
  240 |         </form>
  241 |       </div>
> 242 |     </main>
      |      ^^^^^^
  243 |   );
  244 | }
  245 |

Parsing ecmascript source code failed

Import traces:
  Client Component Browser:
    ./src/app/setup/page.tsx [Client Component Browser]
    ./src/app/setup/page.tsx [Server Component]

  Client Component SSR:
    ./src/app/setup/page.tsx [Client Component SSR]
    ./src/app/setup/page.tsx [Server Component] @ http://localhost:3000/_next/static/chunks/node_modules_next_dist_115brz8._.js:3272
[   14153ms] [ERROR] ./src/app/setup/page.tsx:242:6
Unterminated regexp literal
  240 |         </form>
  241 |       </div>
> 242 |     </main>
      |      ^^^^^^
  243 |   );
  244 | }
  245 |

Parsing ecmascript source code failed

Import traces:
  Client Component Browser:
    ./src/app/setup/page.tsx [Client Component Browser]
    ./src/app/setup/page.tsx [Server Component]

  Client Component SSR:
    ./src/app/setup/page.tsx [Client Component SSR]
    ./src/app/setup/page.tsx [Server Component] @ http://localhost:3000/_next/static/chunks/node_modules_next_dist_115brz8._.js:3272
[   14200ms] [ERROR] ./src/app/setup/page.tsx:242:6
Unterminated regexp literal
  240 |         </form>
  241 |       </div>
> 242 |     </main>
      |      ^^^^^^
  243 |   );
  244 | }
  245 |

Parsing ecmascript source code failed

Import traces:
  Client Component Browser:
    ./src/app/setup/page.tsx [Client Component Browser]
    ./src/app/setup/page.tsx [Server Component]

  Client Component SSR:
    ./src/app/setup/page.tsx [Client Component SSR]
    ./src/app/setup/page.tsx [Server Component] @ http://localhost:3000/_next/static/chunks/node_modules_next_dist_115brz8._.js:3272
[   14248ms] [ERROR] ./src/app/setup/page.tsx:242:6
Unterminated regexp literal
  240 |         </form>
  241 |       </div>
> 242 |     </main>
      |      ^^^^^^
  243 |   );
  244 | }
  245 |

Parsing ecmascript source code failed

Import traces:
  Client Component Browser:
    ./src/app/setup/page.tsx [Client Component Browser]
    ./src/app/setup/page.tsx [Server Component]

  Client Component SSR:
    ./src/app/setup/page.tsx [Client Component SSR]
    ./src/app/setup/page.tsx [Server Component] @ http://localhost:3000/_next/static/chunks/node_modules_next_dist_115brz8._.js:3272
[   14296ms] [ERROR] ./src/app/setup/page.tsx:242:6
Unterminated regexp literal
  240 |         </form>
  241 |       </div>
> 242 |     </main>
      |      ^^^^^^
  243 |   );
  244 | }
  245 |

Parsing ecmascript source code failed

Import traces:
  Client Component Browser:
    ./src/app/setup/page.tsx [Client Component Browser]
    ./src/app/setup/page.tsx [Server Component]

  Client Component SSR:
    ./src/app/setup/page.tsx [Client Component SSR]
    ./src/app/setup/page.tsx [Server Component] @ http://localhost:3000/_next/static/chunks/node_modules_next_dist_115brz8._.js:3272
[   14341ms] [LOG] [Fast Refresh] rebuilding @ http://localhost:3000/_next/static/chunks/node_modules_next_dist_115brz8._.js:2431
[   14347ms] [LOG] [Fast Refresh] done in 31ms @ http://localhost:3000/_next/static/chunks/node_modules_next_dist_115brz8._.js:2431
[   51830ms] [LOG] [Fast Refresh] rebuilding @ http://localhost:3000/_next/static/chunks/node_modules_next_dist_115brz8._.js:2431
[   51907ms] [LOG] [Fast Refresh] done in 49ms @ http://localhost:3000/_next/static/chunks/node_modules_next_dist_115brz8._.js:2431
